[2025-07-12 22:47:04] İstenen ayarlar: cookie_consent_enabled, cookie_consent_text, cookie_consent_button_text, cookie_consent_position, cookie_consent_theme, cookie_consent_show_link, cookie_consent_link_text, cookie_analytics_enabled, cookie_marketing_enabled
[2025-07-12 22:47:04] Belirli ayarlar istendi. SQL sorgusu: SELECT setting_key, setting_value FROM settings WHERE setting_key IN (?,?,?,?,?,?,?,?,?)
[2025-07-12 22:47:04] Ayar bulundu: cookie_consent_enabled = 1
[2025-07-12 22:47:04] Ayar bulundu: cookie_consent_text = Bu web sitesi, size en iyi deneyimi sunmak için çerezler kullanır.
[2025-07-12 22:47:04] Ayar bulundu: cookie_consent_button_text = Kabul Et
[2025-07-12 22:47:04] Ayar bulundu: cookie_consent_position = bottom-left
[2025-07-12 22:47:04] Ayar bulundu: cookie_consent_theme = light
[2025-07-12 22:47:04] Ayar bulundu: cookie_consent_show_link = 1
[2025-07-12 22:47:04] Ayar bulundu: cookie_consent_link_text = Daha fazla bilgi
[2025-07-12 22:47:04] Ayar bulundu: cookie_analytics_enabled = 1
[2025-07-12 22:47:04] Ayar bulundu: cookie_marketing_enabled = 1
[2025-07-12 22:47:04] Döndürülen sonuç: {"cookie_consent_enabled":"1","cookie_consent_text":"Bu web sitesi, size en iyi deneyimi sunmak i\u00e7in \u00e7erezler kullan\u0131r.","cookie_consent_button_text":"Kabul Et","cookie_consent_position":"bottom-left","cookie_consent_theme":"light","cookie_consent_show_link":"1","cookie_consent_link_text":"Daha fazla bilgi","cookie_analytics_enabled":"1","cookie_marketing_enabled":"1"}
[2025-07-12 22:47:14] İstenen ayarlar: cookie_consent_enabled, cookie_consent_text, cookie_consent_button_text, cookie_consent_position, cookie_consent_theme, cookie_consent_show_link, cookie_consent_link_text, cookie_analytics_enabled, cookie_marketing_enabled
[2025-07-12 22:47:14] Belirli ayarlar istendi. SQL sorgusu: SELECT setting_key, setting_value FROM settings WHERE setting_key IN (?,?,?,?,?,?,?,?,?)
[2025-07-12 22:47:14] Ayar bulundu: cookie_consent_enabled = 1
[2025-07-12 22:47:14] Ayar bulundu: cookie_consent_text = Bu web sitesi, size en iyi deneyimi sunmak için çerezler kullanır.
[2025-07-12 22:47:14] Ayar bulundu: cookie_consent_button_text = Kabul Et
[2025-07-12 22:47:14] Ayar bulundu: cookie_consent_position = bottom-left
[2025-07-12 22:47:14] Ayar bulundu: cookie_consent_theme = light
[2025-07-12 22:47:14] Ayar bulundu: cookie_consent_show_link = 1
[2025-07-12 22:47:14] Ayar bulundu: cookie_consent_link_text = Daha fazla bilgi
[2025-07-12 22:47:14] Ayar bulundu: cookie_analytics_enabled = 1
[2025-07-12 22:47:14] Ayar bulundu: cookie_marketing_enabled = 1
[2025-07-12 22:47:14] Döndürülen sonuç: {"cookie_consent_enabled":"1","cookie_consent_text":"Bu web sitesi, size en iyi deneyimi sunmak i\u00e7in \u00e7erezler kullan\u0131r.","cookie_consent_button_text":"Kabul Et","cookie_consent_position":"bottom-left","cookie_consent_theme":"light","cookie_consent_show_link":"1","cookie_consent_link_text":"Daha fazla bilgi","cookie_analytics_enabled":"1","cookie_marketing_enabled":"1"}
[2025-07-12 22:47:21] İstenen ayarlar: cookie_consent_enabled, cookie_consent_text, cookie_consent_button_text, cookie_consent_position, cookie_consent_theme, cookie_consent_show_link, cookie_consent_link_text, cookie_analytics_enabled, cookie_marketing_enabled
[2025-07-12 22:47:21] Belirli ayarlar istendi. SQL sorgusu: SELECT setting_key, setting_value FROM settings WHERE setting_key IN (?,?,?,?,?,?,?,?,?)
[2025-07-12 22:47:21] Ayar bulundu: cookie_consent_enabled = 1
[2025-07-12 22:47:21] Ayar bulundu: cookie_consent_text = Bu web sitesi, size en iyi deneyimi sunmak için çerezler kullanır.
[2025-07-12 22:47:21] Ayar bulundu: cookie_consent_button_text = Kabul Et
[2025-07-12 22:47:21] Ayar bulundu: cookie_consent_position = bottom-left
[2025-07-12 22:47:21] Ayar bulundu: cookie_consent_theme = light
[2025-07-12 22:47:21] Ayar bulundu: cookie_consent_show_link = 1
[2025-07-12 22:47:21] Ayar bulundu: cookie_consent_link_text = Daha fazla bilgi
[2025-07-12 22:47:21] Ayar bulundu: cookie_analytics_enabled = 1
[2025-07-12 22:47:21] Ayar bulundu: cookie_marketing_enabled = 1
[2025-07-12 22:47:21] Döndürülen sonuç: {"cookie_consent_enabled":"1","cookie_consent_text":"Bu web sitesi, size en iyi deneyimi sunmak i\u00e7in \u00e7erezler kullan\u0131r.","cookie_consent_button_text":"Kabul Et","cookie_consent_position":"bottom-left","cookie_consent_theme":"light","cookie_consent_show_link":"1","cookie_consent_link_text":"Daha fazla bilgi","cookie_analytics_enabled":"1","cookie_marketing_enabled":"1"}
[2025-07-12 23:47:29] İstenen ayarlar: cookie_consent_enabled, cookie_consent_text, cookie_consent_button_text, cookie_consent_position, cookie_consent_theme, cookie_consent_show_link, cookie_consent_link_text, cookie_analytics_enabled, cookie_marketing_enabled
[2025-07-12 23:47:29] Belirli ayarlar istendi. SQL sorgusu: SELECT setting_key, setting_value FROM settings WHERE setting_key IN (?,?,?,?,?,?,?,?,?)
[2025-07-12 23:47:29] Ayar bulundu: cookie_consent_enabled = 1
[2025-07-12 23:47:29] Ayar bulundu: cookie_consent_text = Bu web sitesi, size en iyi deneyimi sunmak için çerezler kullanır.
[2025-07-12 23:47:29] Ayar bulundu: cookie_consent_button_text = Kabul Et
[2025-07-12 23:47:29] Ayar bulundu: cookie_consent_position = bottom-left
[2025-07-12 23:47:29] Ayar bulundu: cookie_consent_theme = light
[2025-07-12 23:47:29] Ayar bulundu: cookie_consent_show_link = 1
[2025-07-12 23:47:29] Ayar bulundu: cookie_consent_link_text = Daha fazla bilgi
[2025-07-12 23:47:29] Ayar bulundu: cookie_analytics_enabled = 1
[2025-07-12 23:47:29] Ayar bulundu: cookie_marketing_enabled = 1
[2025-07-12 23:47:29] Döndürülen sonuç: {"cookie_consent_enabled":"1","cookie_consent_text":"Bu web sitesi, size en iyi deneyimi sunmak i\u00e7in \u00e7erezler kullan\u0131r.","cookie_consent_button_text":"Kabul Et","cookie_consent_position":"bottom-left","cookie_consent_theme":"light","cookie_consent_show_link":"1","cookie_consent_link_text":"Daha fazla bilgi","cookie_analytics_enabled":"1","cookie_marketing_enabled":"1"}
[2025-07-12 23:47:31] İstenen ayarlar: cookie_consent_enabled, cookie_consent_text, cookie_consent_button_text, cookie_consent_position, cookie_consent_theme, cookie_consent_show_link, cookie_consent_link_text, cookie_analytics_enabled, cookie_marketing_enabled
[2025-07-12 23:47:31] Belirli ayarlar istendi. SQL sorgusu: SELECT setting_key, setting_value FROM settings WHERE setting_key IN (?,?,?,?,?,?,?,?,?)
[2025-07-12 23:47:31] Ayar bulundu: cookie_consent_enabled = 1
[2025-07-12 23:47:31] Ayar bulundu: cookie_consent_text = Bu web sitesi, size en iyi deneyimi sunmak için çerezler kullanır.
[2025-07-12 23:47:31] Ayar bulundu: cookie_consent_button_text = Kabul Et
[2025-07-12 23:47:31] Ayar bulundu: cookie_consent_position = bottom-left
[2025-07-12 23:47:31] Ayar bulundu: cookie_consent_theme = light
[2025-07-12 23:47:31] Ayar bulundu: cookie_consent_show_link = 1
[2025-07-12 23:47:31] Ayar bulundu: cookie_consent_link_text = Daha fazla bilgi
[2025-07-12 23:47:31] Ayar bulundu: cookie_analytics_enabled = 1
[2025-07-12 23:47:31] Ayar bulundu: cookie_marketing_enabled = 1
[2025-07-12 23:47:31] Döndürülen sonuç: {"cookie_consent_enabled":"1","cookie_consent_text":"Bu web sitesi, size en iyi deneyimi sunmak i\u00e7in \u00e7erezler kullan\u0131r.","cookie_consent_button_text":"Kabul Et","cookie_consent_position":"bottom-left","cookie_consent_theme":"light","cookie_consent_show_link":"1","cookie_consent_link_text":"Daha fazla bilgi","cookie_analytics_enabled":"1","cookie_marketing_enabled":"1"}
[2025-07-12 23:47:32] İstenen ayarlar: cookie_consent_enabled, cookie_consent_text, cookie_consent_button_text, cookie_consent_position, cookie_consent_theme, cookie_consent_show_link, cookie_consent_link_text, cookie_analytics_enabled, cookie_marketing_enabled
[2025-07-12 23:47:32] Belirli ayarlar istendi. SQL sorgusu: SELECT setting_key, setting_value FROM settings WHERE setting_key IN (?,?,?,?,?,?,?,?,?)
[2025-07-12 23:47:32] Ayar bulundu: cookie_consent_enabled = 1
[2025-07-12 23:47:32] Ayar bulundu: cookie_consent_text = Bu web sitesi, size en iyi deneyimi sunmak için çerezler kullanır.
[2025-07-12 23:47:32] Ayar bulundu: cookie_consent_button_text = Kabul Et
[2025-07-12 23:47:32] Ayar bulundu: cookie_consent_position = bottom-left
[2025-07-12 23:47:32] Ayar bulundu: cookie_consent_theme = light
[2025-07-12 23:47:32] Ayar bulundu: cookie_consent_show_link = 1
[2025-07-12 23:47:32] Ayar bulundu: cookie_consent_link_text = Daha fazla bilgi
[2025-07-12 23:47:32] Ayar bulundu: cookie_analytics_enabled = 1
[2025-07-12 23:47:32] Ayar bulundu: cookie_marketing_enabled = 1
[2025-07-12 23:47:32] Döndürülen sonuç: {"cookie_consent_enabled":"1","cookie_consent_text":"Bu web sitesi, size en iyi deneyimi sunmak i\u00e7in \u00e7erezler kullan\u0131r.","cookie_consent_button_text":"Kabul Et","cookie_consent_position":"bottom-left","cookie_consent_theme":"light","cookie_consent_show_link":"1","cookie_consent_link_text":"Daha fazla bilgi","cookie_analytics_enabled":"1","cookie_marketing_enabled":"1"}
[2025-07-12 23:47:34] İstenen ayarlar: cookie_consent_enabled, cookie_consent_text, cookie_consent_button_text, cookie_consent_position, cookie_consent_theme, cookie_consent_show_link, cookie_consent_link_text, cookie_analytics_enabled, cookie_marketing_enabled
[2025-07-12 23:47:34] Belirli ayarlar istendi. SQL sorgusu: SELECT setting_key, setting_value FROM settings WHERE setting_key IN (?,?,?,?,?,?,?,?,?)
[2025-07-12 23:47:34] Ayar bulundu: cookie_consent_enabled = 1
[2025-07-12 23:47:34] Ayar bulundu: cookie_consent_text = Bu web sitesi, size en iyi deneyimi sunmak için çerezler kullanır.
[2025-07-12 23:47:34] Ayar bulundu: cookie_consent_button_text = Kabul Et
[2025-07-12 23:47:34] Ayar bulundu: cookie_consent_position = bottom-left
[2025-07-12 23:47:34] Ayar bulundu: cookie_consent_theme = light
[2025-07-12 23:47:34] Ayar bulundu: cookie_consent_show_link = 1
[2025-07-12 23:47:34] Ayar bulundu: cookie_consent_link_text = Daha fazla bilgi
[2025-07-12 23:47:34] Ayar bulundu: cookie_analytics_enabled = 1
[2025-07-12 23:47:34] Ayar bulundu: cookie_marketing_enabled = 1
[2025-07-12 23:47:34] Döndürülen sonuç: {"cookie_consent_enabled":"1","cookie_consent_text":"Bu web sitesi, size en iyi deneyimi sunmak i\u00e7in \u00e7erezler kullan\u0131r.","cookie_consent_button_text":"Kabul Et","cookie_consent_position":"bottom-left","cookie_consent_theme":"light","cookie_consent_show_link":"1","cookie_consent_link_text":"Daha fazla bilgi","cookie_analytics_enabled":"1","cookie_marketing_enabled":"1"}
[2025-07-12 23:47:39] İstenen ayarlar: cookie_consent_enabled, cookie_consent_text, cookie_consent_button_text, cookie_consent_position, cookie_consent_theme, cookie_consent_show_link, cookie_consent_link_text, cookie_analytics_enabled, cookie_marketing_enabled
[2025-07-12 23:47:39] Belirli ayarlar istendi. SQL sorgusu: SELECT setting_key, setting_value FROM settings WHERE setting_key IN (?,?,?,?,?,?,?,?,?)
[2025-07-12 23:47:39] Ayar bulundu: cookie_consent_enabled = 1
[2025-07-12 23:47:39] Ayar bulundu: cookie_consent_text = Bu web sitesi, size en iyi deneyimi sunmak için çerezler kullanır.
[2025-07-12 23:47:39] Ayar bulundu: cookie_consent_button_text = Kabul Et
[2025-07-12 23:47:39] Ayar bulundu: cookie_consent_position = bottom-left
[2025-07-12 23:47:39] Ayar bulundu: cookie_consent_theme = light
[2025-07-12 23:47:39] Ayar bulundu: cookie_consent_show_link = 1
[2025-07-12 23:47:39] Ayar bulundu: cookie_consent_link_text = Daha fazla bilgi
[2025-07-12 23:47:39] Ayar bulundu: cookie_analytics_enabled = 1
[2025-07-12 23:47:39] Ayar bulundu: cookie_marketing_enabled = 1
[2025-07-12 23:47:39] Döndürülen sonuç: {"cookie_consent_enabled":"1","cookie_consent_text":"Bu web sitesi, size en iyi deneyimi sunmak i\u00e7in \u00e7erezler kullan\u0131r.","cookie_consent_button_text":"Kabul Et","cookie_consent_position":"bottom-left","cookie_consent_theme":"light","cookie_consent_show_link":"1","cookie_consent_link_text":"Daha fazla bilgi","cookie_analytics_enabled":"1","cookie_marketing_enabled":"1"}
[2025-07-12 23:47:43] İstenen ayarlar: cookie_consent_enabled, cookie_consent_text, cookie_consent_button_text, cookie_consent_position, cookie_consent_theme, cookie_consent_show_link, cookie_consent_link_text, cookie_analytics_enabled, cookie_marketing_enabled
[2025-07-12 23:47:43] Belirli ayarlar istendi. SQL sorgusu: SELECT setting_key, setting_value FROM settings WHERE setting_key IN (?,?,?,?,?,?,?,?,?)
[2025-07-12 23:47:43] Ayar bulundu: cookie_consent_enabled = 1
[2025-07-12 23:47:43] Ayar bulundu: cookie_consent_text = Bu web sitesi, size en iyi deneyimi sunmak için çerezler kullanır.
[2025-07-12 23:47:43] Ayar bulundu: cookie_consent_button_text = Kabul Et
[2025-07-12 23:47:43] Ayar bulundu: cookie_consent_position = bottom-left
[2025-07-12 23:47:43] Ayar bulundu: cookie_consent_theme = light
[2025-07-12 23:47:43] Ayar bulundu: cookie_consent_show_link = 1
[2025-07-12 23:47:43] Ayar bulundu: cookie_consent_link_text = Daha fazla bilgi
[2025-07-12 23:47:43] Ayar bulundu: cookie_analytics_enabled = 1
[2025-07-12 23:47:43] Ayar bulundu: cookie_marketing_enabled = 1
[2025-07-12 23:47:43] Döndürülen sonuç: {"cookie_consent_enabled":"1","cookie_consent_text":"Bu web sitesi, size en iyi deneyimi sunmak i\u00e7in \u00e7erezler kullan\u0131r.","cookie_consent_button_text":"Kabul Et","cookie_consent_position":"bottom-left","cookie_consent_theme":"light","cookie_consent_show_link":"1","cookie_consent_link_text":"Daha fazla bilgi","cookie_analytics_enabled":"1","cookie_marketing_enabled":"1"}
[2025-07-12 23:47:48] İstenen ayarlar: cookie_consent_enabled, cookie_consent_text, cookie_consent_button_text, cookie_consent_position, cookie_consent_theme, cookie_consent_show_link, cookie_consent_link_text, cookie_analytics_enabled, cookie_marketing_enabled
[2025-07-12 23:47:48] Belirli ayarlar istendi. SQL sorgusu: SELECT setting_key, setting_value FROM settings WHERE setting_key IN (?,?,?,?,?,?,?,?,?)
[2025-07-12 23:47:48] Ayar bulundu: cookie_consent_enabled = 1
[2025-07-12 23:47:48] Ayar bulundu: cookie_consent_text = Bu web sitesi, size en iyi deneyimi sunmak için çerezler kullanır.
[2025-07-12 23:47:48] Ayar bulundu: cookie_consent_button_text = Kabul Et
[2025-07-12 23:47:48] Ayar bulundu: cookie_consent_position = bottom-left
[2025-07-12 23:47:48] Ayar bulundu: cookie_consent_theme = light
[2025-07-12 23:47:48] Ayar bulundu: cookie_consent_show_link = 1
[2025-07-12 23:47:48] Ayar bulundu: cookie_consent_link_text = Daha fazla bilgi
[2025-07-12 23:47:48] Ayar bulundu: cookie_analytics_enabled = 1
[2025-07-12 23:47:48] Ayar bulundu: cookie_marketing_enabled = 1
[2025-07-12 23:47:48] Döndürülen sonuç: {"cookie_consent_enabled":"1","cookie_consent_text":"Bu web sitesi, size en iyi deneyimi sunmak i\u00e7in \u00e7erezler kullan\u0131r.","cookie_consent_button_text":"Kabul Et","cookie_consent_position":"bottom-left","cookie_consent_theme":"light","cookie_consent_show_link":"1","cookie_consent_link_text":"Daha fazla bilgi","cookie_analytics_enabled":"1","cookie_marketing_enabled":"1"}
[2025-07-12 23:48:15] İstenen ayarlar: cookie_consent_enabled, cookie_consent_text, cookie_consent_button_text, cookie_consent_position, cookie_consent_theme, cookie_consent_show_link, cookie_consent_link_text, cookie_analytics_enabled, cookie_marketing_enabled
[2025-07-12 23:48:15] Belirli ayarlar istendi. SQL sorgusu: SELECT setting_key, setting_value FROM settings WHERE setting_key IN (?,?,?,?,?,?,?,?,?)
[2025-07-12 23:48:15] Ayar bulundu: cookie_consent_enabled = 1
[2025-07-12 23:48:15] Ayar bulundu: cookie_consent_text = Bu web sitesi, size en iyi deneyimi sunmak için çerezler kullanır.
[2025-07-12 23:48:15] Ayar bulundu: cookie_consent_button_text = Kabul Et
[2025-07-12 23:48:15] Ayar bulundu: cookie_consent_position = bottom-left
[2025-07-12 23:48:15] Ayar bulundu: cookie_consent_theme = light
[2025-07-12 23:48:15] Ayar bulundu: cookie_consent_show_link = 1
[2025-07-12 23:48:15] Ayar bulundu: cookie_consent_link_text = Daha fazla bilgi
[2025-07-12 23:48:15] Ayar bulundu: cookie_analytics_enabled = 1
[2025-07-12 23:48:15] Ayar bulundu: cookie_marketing_enabled = 1
[2025-07-12 23:48:15] Döndürülen sonuç: {"cookie_consent_enabled":"1","cookie_consent_text":"Bu web sitesi, size en iyi deneyimi sunmak i\u00e7in \u00e7erezler kullan\u0131r.","cookie_consent_button_text":"Kabul Et","cookie_consent_position":"bottom-left","cookie_consent_theme":"light","cookie_consent_show_link":"1","cookie_consent_link_text":"Daha fazla bilgi","cookie_analytics_enabled":"1","cookie_marketing_enabled":"1"}
[2025-07-12 23:49:18] İstenen ayarlar: cookie_consent_enabled, cookie_consent_text, cookie_consent_button_text, cookie_consent_position, cookie_consent_theme, cookie_consent_show_link, cookie_consent_link_text, cookie_analytics_enabled, cookie_marketing_enabled
[2025-07-12 23:49:18] Belirli ayarlar istendi. SQL sorgusu: SELECT setting_key, setting_value FROM settings WHERE setting_key IN (?,?,?,?,?,?,?,?,?)
[2025-07-12 23:49:18] Ayar bulundu: cookie_consent_enabled = 1
[2025-07-12 23:49:18] Ayar bulundu: cookie_consent_text = Bu web sitesi, size en iyi deneyimi sunmak için çerezler kullanır.
[2025-07-12 23:49:18] Ayar bulundu: cookie_consent_button_text = Kabul Et
[2025-07-12 23:49:18] Ayar bulundu: cookie_consent_position = bottom-left
[2025-07-12 23:49:18] Ayar bulundu: cookie_consent_theme = light
[2025-07-12 23:49:18] Ayar bulundu: cookie_consent_show_link = 1
[2025-07-12 23:49:18] Ayar bulundu: cookie_consent_link_text = Daha fazla bilgi
[2025-07-12 23:49:18] Ayar bulundu: cookie_analytics_enabled = 1
[2025-07-12 23:49:18] Ayar bulundu: cookie_marketing_enabled = 1
[2025-07-12 23:49:18] Döndürülen sonuç: {"cookie_consent_enabled":"1","cookie_consent_text":"Bu web sitesi, size en iyi deneyimi sunmak i\u00e7in \u00e7erezler kullan\u0131r.","cookie_consent_button_text":"Kabul Et","cookie_consent_position":"bottom-left","cookie_consent_theme":"light","cookie_consent_show_link":"1","cookie_consent_link_text":"Daha fazla bilgi","cookie_analytics_enabled":"1","cookie_marketing_enabled":"1"}
[2025-07-12 23:49:19] İstenen ayarlar: cookie_consent_enabled, cookie_consent_text, cookie_consent_button_text, cookie_consent_position, cookie_consent_theme, cookie_consent_show_link, cookie_consent_link_text, cookie_analytics_enabled, cookie_marketing_enabled
[2025-07-12 23:49:19] Belirli ayarlar istendi. SQL sorgusu: SELECT setting_key, setting_value FROM settings WHERE setting_key IN (?,?,?,?,?,?,?,?,?)
[2025-07-12 23:49:19] Ayar bulundu: cookie_consent_enabled = 1
[2025-07-12 23:49:19] Ayar bulundu: cookie_consent_text = Bu web sitesi, size en iyi deneyimi sunmak için çerezler kullanır.
[2025-07-12 23:49:19] Ayar bulundu: cookie_consent_button_text = Kabul Et
[2025-07-12 23:49:19] Ayar bulundu: cookie_consent_position = bottom-left
[2025-07-12 23:49:19] Ayar bulundu: cookie_consent_theme = light
[2025-07-12 23:49:19] Ayar bulundu: cookie_consent_show_link = 1
[2025-07-12 23:49:19] Ayar bulundu: cookie_consent_link_text = Daha fazla bilgi
[2025-07-12 23:49:19] Ayar bulundu: cookie_analytics_enabled = 1
[2025-07-12 23:49:19] Ayar bulundu: cookie_marketing_enabled = 1
[2025-07-12 23:49:19] Döndürülen sonuç: {"cookie_consent_enabled":"1","cookie_consent_text":"Bu web sitesi, size en iyi deneyimi sunmak i\u00e7in \u00e7erezler kullan\u0131r.","cookie_consent_button_text":"Kabul Et","cookie_consent_position":"bottom-left","cookie_consent_theme":"light","cookie_consent_show_link":"1","cookie_consent_link_text":"Daha fazla bilgi","cookie_analytics_enabled":"1","cookie_marketing_enabled":"1"}
[2025-07-12 23:49:20] İstenen ayarlar: cookie_consent_enabled, cookie_consent_text, cookie_consent_button_text, cookie_consent_position, cookie_consent_theme, cookie_consent_show_link, cookie_consent_link_text, cookie_analytics_enabled, cookie_marketing_enabled
[2025-07-12 23:49:20] Belirli ayarlar istendi. SQL sorgusu: SELECT setting_key, setting_value FROM settings WHERE setting_key IN (?,?,?,?,?,?,?,?,?)
[2025-07-12 23:49:20] Ayar bulundu: cookie_consent_enabled = 1
[2025-07-12 23:49:20] Ayar bulundu: cookie_consent_text = Bu web sitesi, size en iyi deneyimi sunmak için çerezler kullanır.
[2025-07-12 23:49:20] Ayar bulundu: cookie_consent_button_text = Kabul Et
[2025-07-12 23:49:20] Ayar bulundu: cookie_consent_position = bottom-left
[2025-07-12 23:49:20] Ayar bulundu: cookie_consent_theme = light
[2025-07-12 23:49:20] Ayar bulundu: cookie_consent_show_link = 1
[2025-07-12 23:49:20] Ayar bulundu: cookie_consent_link_text = Daha fazla bilgi
[2025-07-12 23:49:20] Ayar bulundu: cookie_analytics_enabled = 1
[2025-07-12 23:49:20] Ayar bulundu: cookie_marketing_enabled = 1
[2025-07-12 23:49:20] Döndürülen sonuç: {"cookie_consent_enabled":"1","cookie_consent_text":"Bu web sitesi, size en iyi deneyimi sunmak i\u00e7in \u00e7erezler kullan\u0131r.","cookie_consent_button_text":"Kabul Et","cookie_consent_position":"bottom-left","cookie_consent_theme":"light","cookie_consent_show_link":"1","cookie_consent_link_text":"Daha fazla bilgi","cookie_analytics_enabled":"1","cookie_marketing_enabled":"1"}
[2025-07-12 23:50:25] İstenen ayarlar: cookie_consent_enabled, cookie_consent_text, cookie_consent_button_text, cookie_consent_position, cookie_consent_theme, cookie_consent_show_link, cookie_consent_link_text, cookie_analytics_enabled, cookie_marketing_enabled
[2025-07-12 23:50:25] Belirli ayarlar istendi. SQL sorgusu: SELECT setting_key, setting_value FROM settings WHERE setting_key IN (?,?,?,?,?,?,?,?,?)
[2025-07-12 23:50:25] Ayar bulundu: cookie_consent_enabled = 1
[2025-07-12 23:50:25] Ayar bulundu: cookie_consent_text = Bu web sitesi, size en iyi deneyimi sunmak için çerezler kullanır.
[2025-07-12 23:50:25] Ayar bulundu: cookie_consent_button_text = Kabul Et
[2025-07-12 23:50:25] Ayar bulundu: cookie_consent_position = bottom-left
[2025-07-12 23:50:25] Ayar bulundu: cookie_consent_theme = light
[2025-07-12 23:50:25] Ayar bulundu: cookie_consent_show_link = 1
[2025-07-12 23:50:25] Ayar bulundu: cookie_consent_link_text = Daha fazla bilgi
[2025-07-12 23:50:25] Ayar bulundu: cookie_analytics_enabled = 1
[2025-07-12 23:50:25] Ayar bulundu: cookie_marketing_enabled = 1
[2025-07-12 23:50:25] Döndürülen sonuç: {"cookie_consent_enabled":"1","cookie_consent_text":"Bu web sitesi, size en iyi deneyimi sunmak i\u00e7in \u00e7erezler kullan\u0131r.","cookie_consent_button_text":"Kabul Et","cookie_consent_position":"bottom-left","cookie_consent_theme":"light","cookie_consent_show_link":"1","cookie_consent_link_text":"Daha fazla bilgi","cookie_analytics_enabled":"1","cookie_marketing_enabled":"1"}
[2025-07-12 23:50:29] İstenen ayarlar: cookie_consent_enabled, cookie_consent_text, cookie_consent_button_text, cookie_consent_position, cookie_consent_theme, cookie_consent_show_link, cookie_consent_link_text, cookie_analytics_enabled, cookie_marketing_enabled
[2025-07-12 23:50:29] Belirli ayarlar istendi. SQL sorgusu: SELECT setting_key, setting_value FROM settings WHERE setting_key IN (?,?,?,?,?,?,?,?,?)
[2025-07-12 23:50:29] Ayar bulundu: cookie_consent_enabled = 1
[2025-07-12 23:50:29] Ayar bulundu: cookie_consent_text = Bu web sitesi, size en iyi deneyimi sunmak için çerezler kullanır.
[2025-07-12 23:50:29] Ayar bulundu: cookie_consent_button_text = Kabul Et
[2025-07-12 23:50:29] Ayar bulundu: cookie_consent_position = bottom-left
[2025-07-12 23:50:29] Ayar bulundu: cookie_consent_theme = light
[2025-07-12 23:50:29] Ayar bulundu: cookie_consent_show_link = 1
[2025-07-12 23:50:29] Ayar bulundu: cookie_consent_link_text = Daha fazla bilgi
[2025-07-12 23:50:29] Ayar bulundu: cookie_analytics_enabled = 1
[2025-07-12 23:50:29] Ayar bulundu: cookie_marketing_enabled = 1
[2025-07-12 23:50:29] Döndürülen sonuç: {"cookie_consent_enabled":"1","cookie_consent_text":"Bu web sitesi, size en iyi deneyimi sunmak i\u00e7in \u00e7erezler kullan\u0131r.","cookie_consent_button_text":"Kabul Et","cookie_consent_position":"bottom-left","cookie_consent_theme":"light","cookie_consent_show_link":"1","cookie_consent_link_text":"Daha fazla bilgi","cookie_analytics_enabled":"1","cookie_marketing_enabled":"1"}
[2025-07-12 23:50:30] İstenen ayarlar: cookie_consent_enabled, cookie_consent_text, cookie_consent_button_text, cookie_consent_position, cookie_consent_theme, cookie_consent_show_link, cookie_consent_link_text, cookie_analytics_enabled, cookie_marketing_enabled
[2025-07-12 23:50:30] Belirli ayarlar istendi. SQL sorgusu: SELECT setting_key, setting_value FROM settings WHERE setting_key IN (?,?,?,?,?,?,?,?,?)
[2025-07-12 23:50:30] Ayar bulundu: cookie_consent_enabled = 1
[2025-07-12 23:50:30] Ayar bulundu: cookie_consent_text = Bu web sitesi, size en iyi deneyimi sunmak için çerezler kullanır.
[2025-07-12 23:50:30] Ayar bulundu: cookie_consent_button_text = Kabul Et
[2025-07-12 23:50:30] Ayar bulundu: cookie_consent_position = bottom-left
[2025-07-12 23:50:30] Ayar bulundu: cookie_consent_theme = light
[2025-07-12 23:50:30] Ayar bulundu: cookie_consent_show_link = 1
[2025-07-12 23:50:30] Ayar bulundu: cookie_consent_link_text = Daha fazla bilgi
[2025-07-12 23:50:30] Ayar bulundu: cookie_analytics_enabled = 1
[2025-07-12 23:50:30] Ayar bulundu: cookie_marketing_enabled = 1
[2025-07-12 23:50:30] Döndürülen sonuç: {"cookie_consent_enabled":"1","cookie_consent_text":"Bu web sitesi, size en iyi deneyimi sunmak i\u00e7in \u00e7erezler kullan\u0131r.","cookie_consent_button_text":"Kabul Et","cookie_consent_position":"bottom-left","cookie_consent_theme":"light","cookie_consent_show_link":"1","cookie_consent_link_text":"Daha fazla bilgi","cookie_analytics_enabled":"1","cookie_marketing_enabled":"1"}
[2025-07-12 23:50:34] İstenen ayarlar: cookie_consent_enabled, cookie_consent_text, cookie_consent_button_text, cookie_consent_position, cookie_consent_theme, cookie_consent_show_link, cookie_consent_link_text, cookie_analytics_enabled, cookie_marketing_enabled
[2025-07-12 23:50:34] Belirli ayarlar istendi. SQL sorgusu: SELECT setting_key, setting_value FROM settings WHERE setting_key IN (?,?,?,?,?,?,?,?,?)
[2025-07-12 23:50:34] Ayar bulundu: cookie_consent_enabled = 1
[2025-07-12 23:50:34] Ayar bulundu: cookie_consent_text = Bu web sitesi, size en iyi deneyimi sunmak için çerezler kullanır.
[2025-07-12 23:50:34] Ayar bulundu: cookie_consent_button_text = Kabul Et
[2025-07-12 23:50:34] Ayar bulundu: cookie_consent_position = bottom-left
[2025-07-12 23:50:34] Ayar bulundu: cookie_consent_theme = light
[2025-07-12 23:50:34] Ayar bulundu: cookie_consent_show_link = 1
[2025-07-12 23:50:34] Ayar bulundu: cookie_consent_link_text = Daha fazla bilgi
[2025-07-12 23:50:34] Ayar bulundu: cookie_analytics_enabled = 1
[2025-07-12 23:50:34] Ayar bulundu: cookie_marketing_enabled = 1
[2025-07-12 23:50:34] Döndürülen sonuç: {"cookie_consent_enabled":"1","cookie_consent_text":"Bu web sitesi, size en iyi deneyimi sunmak i\u00e7in \u00e7erezler kullan\u0131r.","cookie_consent_button_text":"Kabul Et","cookie_consent_position":"bottom-left","cookie_consent_theme":"light","cookie_consent_show_link":"1","cookie_consent_link_text":"Daha fazla bilgi","cookie_analytics_enabled":"1","cookie_marketing_enabled":"1"}
[2025-07-12 23:50:36] İstenen ayarlar: cookie_consent_enabled, cookie_consent_text, cookie_consent_button_text, cookie_consent_position, cookie_consent_theme, cookie_consent_show_link, cookie_consent_link_text, cookie_analytics_enabled, cookie_marketing_enabled
[2025-07-12 23:50:36] Belirli ayarlar istendi. SQL sorgusu: SELECT setting_key, setting_value FROM settings WHERE setting_key IN (?,?,?,?,?,?,?,?,?)
[2025-07-12 23:50:36] Ayar bulundu: cookie_consent_enabled = 1
[2025-07-12 23:50:36] Ayar bulundu: cookie_consent_text = Bu web sitesi, size en iyi deneyimi sunmak için çerezler kullanır.
[2025-07-12 23:50:36] Ayar bulundu: cookie_consent_button_text = Kabul Et
[2025-07-12 23:50:36] Ayar bulundu: cookie_consent_position = bottom-left
[2025-07-12 23:50:36] Ayar bulundu: cookie_consent_theme = light
[2025-07-12 23:50:36] Ayar bulundu: cookie_consent_show_link = 1
[2025-07-12 23:50:36] Ayar bulundu: cookie_consent_link_text = Daha fazla bilgi
[2025-07-12 23:50:36] Ayar bulundu: cookie_analytics_enabled = 1
[2025-07-12 23:50:36] Ayar bulundu: cookie_marketing_enabled = 1
[2025-07-12 23:50:36] Döndürülen sonuç: {"cookie_consent_enabled":"1","cookie_consent_text":"Bu web sitesi, size en iyi deneyimi sunmak i\u00e7in \u00e7erezler kullan\u0131r.","cookie_consent_button_text":"Kabul Et","cookie_consent_position":"bottom-left","cookie_consent_theme":"light","cookie_consent_show_link":"1","cookie_consent_link_text":"Daha fazla bilgi","cookie_analytics_enabled":"1","cookie_marketing_enabled":"1"}
[2025-07-12 23:50:39] İstenen ayarlar: cookie_consent_enabled, cookie_consent_text, cookie_consent_button_text, cookie_consent_position, cookie_consent_theme, cookie_consent_show_link, cookie_consent_link_text, cookie_analytics_enabled, cookie_marketing_enabled
[2025-07-12 23:50:39] Belirli ayarlar istendi. SQL sorgusu: SELECT setting_key, setting_value FROM settings WHERE setting_key IN (?,?,?,?,?,?,?,?,?)
[2025-07-12 23:50:39] Ayar bulundu: cookie_consent_enabled = 1
[2025-07-12 23:50:39] Ayar bulundu: cookie_consent_text = Bu web sitesi, size en iyi deneyimi sunmak için çerezler kullanır.
[2025-07-12 23:50:39] Ayar bulundu: cookie_consent_button_text = Kabul Et
[2025-07-12 23:50:39] Ayar bulundu: cookie_consent_position = bottom-left
[2025-07-12 23:50:39] Ayar bulundu: cookie_consent_theme = light
[2025-07-12 23:50:39] Ayar bulundu: cookie_consent_show_link = 1
[2025-07-12 23:50:39] Ayar bulundu: cookie_consent_link_text = Daha fazla bilgi
[2025-07-12 23:50:39] Ayar bulundu: cookie_analytics_enabled = 1
[2025-07-12 23:50:39] Ayar bulundu: cookie_marketing_enabled = 1
[2025-07-12 23:50:39] Döndürülen sonuç: {"cookie_consent_enabled":"1","cookie_consent_text":"Bu web sitesi, size en iyi deneyimi sunmak i\u00e7in \u00e7erezler kullan\u0131r.","cookie_consent_button_text":"Kabul Et","cookie_consent_position":"bottom-left","cookie_consent_theme":"light","cookie_consent_show_link":"1","cookie_consent_link_text":"Daha fazla bilgi","cookie_analytics_enabled":"1","cookie_marketing_enabled":"1"}
[2025-07-12 23:50:42] İstenen ayarlar: cookie_consent_enabled, cookie_consent_text, cookie_consent_button_text, cookie_consent_position, cookie_consent_theme, cookie_consent_show_link, cookie_consent_link_text, cookie_analytics_enabled, cookie_marketing_enabled
[2025-07-12 23:50:42] Belirli ayarlar istendi. SQL sorgusu: SELECT setting_key, setting_value FROM settings WHERE setting_key IN (?,?,?,?,?,?,?,?,?)
[2025-07-12 23:50:42] Ayar bulundu: cookie_consent_enabled = 1
[2025-07-12 23:50:42] Ayar bulundu: cookie_consent_text = Bu web sitesi, size en iyi deneyimi sunmak için çerezler kullanır.
[2025-07-12 23:50:42] Ayar bulundu: cookie_consent_button_text = Kabul Et
[2025-07-12 23:50:42] Ayar bulundu: cookie_consent_position = bottom-left
[2025-07-12 23:50:42] Ayar bulundu: cookie_consent_theme = light
[2025-07-12 23:50:42] Ayar bulundu: cookie_consent_show_link = 1
[2025-07-12 23:50:42] Ayar bulundu: cookie_consent_link_text = Daha fazla bilgi
[2025-07-12 23:50:42] Ayar bulundu: cookie_analytics_enabled = 1
[2025-07-12 23:50:42] Ayar bulundu: cookie_marketing_enabled = 1
[2025-07-12 23:50:42] Döndürülen sonuç: {"cookie_consent_enabled":"1","cookie_consent_text":"Bu web sitesi, size en iyi deneyimi sunmak i\u00e7in \u00e7erezler kullan\u0131r.","cookie_consent_button_text":"Kabul Et","cookie_consent_position":"bottom-left","cookie_consent_theme":"light","cookie_consent_show_link":"1","cookie_consent_link_text":"Daha fazla bilgi","cookie_analytics_enabled":"1","cookie_marketing_enabled":"1"}
[2025-07-12 23:50:45] İstenen ayarlar: cookie_consent_enabled, cookie_consent_text, cookie_consent_button_text, cookie_consent_position, cookie_consent_theme, cookie_consent_show_link, cookie_consent_link_text, cookie_analytics_enabled, cookie_marketing_enabled
[2025-07-12 23:50:45] Belirli ayarlar istendi. SQL sorgusu: SELECT setting_key, setting_value FROM settings WHERE setting_key IN (?,?,?,?,?,?,?,?,?)
[2025-07-12 23:50:45] Ayar bulundu: cookie_consent_enabled = 1
[2025-07-12 23:50:45] Ayar bulundu: cookie_consent_text = Bu web sitesi, size en iyi deneyimi sunmak için çerezler kullanır.
[2025-07-12 23:50:45] Ayar bulundu: cookie_consent_button_text = Kabul Et
[2025-07-12 23:50:45] Ayar bulundu: cookie_consent_position = bottom-left
[2025-07-12 23:50:45] Ayar bulundu: cookie_consent_theme = light
[2025-07-12 23:50:45] Ayar bulundu: cookie_consent_show_link = 1
[2025-07-12 23:50:45] Ayar bulundu: cookie_consent_link_text = Daha fazla bilgi
[2025-07-12 23:50:45] Ayar bulundu: cookie_analytics_enabled = 1
[2025-07-12 23:50:45] Ayar bulundu: cookie_marketing_enabled = 1
[2025-07-12 23:50:45] Döndürülen sonuç: {"cookie_consent_enabled":"1","cookie_consent_text":"Bu web sitesi, size en iyi deneyimi sunmak i\u00e7in \u00e7erezler kullan\u0131r.","cookie_consent_button_text":"Kabul Et","cookie_consent_position":"bottom-left","cookie_consent_theme":"light","cookie_consent_show_link":"1","cookie_consent_link_text":"Daha fazla bilgi","cookie_analytics_enabled":"1","cookie_marketing_enabled":"1"}
[2025-07-12 23:50:47] İstenen ayarlar: cookie_consent_enabled, cookie_consent_text, cookie_consent_button_text, cookie_consent_position, cookie_consent_theme, cookie_consent_show_link, cookie_consent_link_text, cookie_analytics_enabled, cookie_marketing_enabled
[2025-07-12 23:50:47] Belirli ayarlar istendi. SQL sorgusu: SELECT setting_key, setting_value FROM settings WHERE setting_key IN (?,?,?,?,?,?,?,?,?)
[2025-07-12 23:50:47] Ayar bulundu: cookie_consent_enabled = 1
[2025-07-12 23:50:47] Ayar bulundu: cookie_consent_text = Bu web sitesi, size en iyi deneyimi sunmak için çerezler kullanır.
[2025-07-12 23:50:47] Ayar bulundu: cookie_consent_button_text = Kabul Et
[2025-07-12 23:50:47] Ayar bulundu: cookie_consent_position = bottom-left
[2025-07-12 23:50:47] Ayar bulundu: cookie_consent_theme = light
[2025-07-12 23:50:47] Ayar bulundu: cookie_consent_show_link = 1
[2025-07-12 23:50:47] Ayar bulundu: cookie_consent_link_text = Daha fazla bilgi
[2025-07-12 23:50:47] Ayar bulundu: cookie_analytics_enabled = 1
[2025-07-12 23:50:47] Ayar bulundu: cookie_marketing_enabled = 1
[2025-07-12 23:50:47] Döndürülen sonuç: {"cookie_consent_enabled":"1","cookie_consent_text":"Bu web sitesi, size en iyi deneyimi sunmak i\u00e7in \u00e7erezler kullan\u0131r.","cookie_consent_button_text":"Kabul Et","cookie_consent_position":"bottom-left","cookie_consent_theme":"light","cookie_consent_show_link":"1","cookie_consent_link_text":"Daha fazla bilgi","cookie_analytics_enabled":"1","cookie_marketing_enabled":"1"}
[2025-07-12 23:50:54] İstenen ayarlar: cookie_consent_enabled, cookie_consent_text, cookie_consent_button_text, cookie_consent_position, cookie_consent_theme, cookie_consent_show_link, cookie_consent_link_text, cookie_analytics_enabled, cookie_marketing_enabled
[2025-07-12 23:50:54] Belirli ayarlar istendi. SQL sorgusu: SELECT setting_key, setting_value FROM settings WHERE setting_key IN (?,?,?,?,?,?,?,?,?)
[2025-07-12 23:50:54] Ayar bulundu: cookie_consent_enabled = 1
[2025-07-12 23:50:54] Ayar bulundu: cookie_consent_text = Bu web sitesi, size en iyi deneyimi sunmak için çerezler kullanır.
[2025-07-12 23:50:54] Ayar bulundu: cookie_consent_button_text = Kabul Et
[2025-07-12 23:50:54] Ayar bulundu: cookie_consent_position = bottom-left
[2025-07-12 23:50:54] Ayar bulundu: cookie_consent_theme = light
[2025-07-12 23:50:54] Ayar bulundu: cookie_consent_show_link = 1
[2025-07-12 23:50:54] Ayar bulundu: cookie_consent_link_text = Daha fazla bilgi
[2025-07-12 23:50:54] Ayar bulundu: cookie_analytics_enabled = 1
[2025-07-12 23:50:54] Ayar bulundu: cookie_marketing_enabled = 1
[2025-07-12 23:50:54] Döndürülen sonuç: {"cookie_consent_enabled":"1","cookie_consent_text":"Bu web sitesi, size en iyi deneyimi sunmak i\u00e7in \u00e7erezler kullan\u0131r.","cookie_consent_button_text":"Kabul Et","cookie_consent_position":"bottom-left","cookie_consent_theme":"light","cookie_consent_show_link":"1","cookie_consent_link_text":"Daha fazla bilgi","cookie_analytics_enabled":"1","cookie_marketing_enabled":"1"}
[2025-07-12 23:50:57] İstenen ayarlar: cookie_consent_enabled, cookie_consent_text, cookie_consent_button_text, cookie_consent_position, cookie_consent_theme, cookie_consent_show_link, cookie_consent_link_text, cookie_analytics_enabled, cookie_marketing_enabled
[2025-07-12 23:50:57] Belirli ayarlar istendi. SQL sorgusu: SELECT setting_key, setting_value FROM settings WHERE setting_key IN (?,?,?,?,?,?,?,?,?)
[2025-07-12 23:50:57] Ayar bulundu: cookie_consent_enabled = 1
[2025-07-12 23:50:57] Ayar bulundu: cookie_consent_text = Bu web sitesi, size en iyi deneyimi sunmak için çerezler kullanır.
[2025-07-12 23:50:57] Ayar bulundu: cookie_consent_button_text = Kabul Et
[2025-07-12 23:50:57] Ayar bulundu: cookie_consent_position = bottom-left
[2025-07-12 23:50:57] Ayar bulundu: cookie_consent_theme = light
[2025-07-12 23:50:57] Ayar bulundu: cookie_consent_show_link = 1
[2025-07-12 23:50:57] Ayar bulundu: cookie_consent_link_text = Daha fazla bilgi
[2025-07-12 23:50:57] Ayar bulundu: cookie_analytics_enabled = 1
[2025-07-12 23:50:57] Ayar bulundu: cookie_marketing_enabled = 1
[2025-07-12 23:50:57] Döndürülen sonuç: {"cookie_consent_enabled":"1","cookie_consent_text":"Bu web sitesi, size en iyi deneyimi sunmak i\u00e7in \u00e7erezler kullan\u0131r.","cookie_consent_button_text":"Kabul Et","cookie_consent_position":"bottom-left","cookie_consent_theme":"light","cookie_consent_show_link":"1","cookie_consent_link_text":"Daha fazla bilgi","cookie_analytics_enabled":"1","cookie_marketing_enabled":"1"}
[2025-07-12 23:51:13] İstenen ayarlar: cookie_consent_enabled, cookie_consent_text, cookie_consent_button_text, cookie_consent_position, cookie_consent_theme, cookie_consent_show_link, cookie_consent_link_text, cookie_analytics_enabled, cookie_marketing_enabled
[2025-07-12 23:51:13] Belirli ayarlar istendi. SQL sorgusu: SELECT setting_key, setting_value FROM settings WHERE setting_key IN (?,?,?,?,?,?,?,?,?)
[2025-07-12 23:51:13] Ayar bulundu: cookie_consent_enabled = 1
[2025-07-12 23:51:13] Ayar bulundu: cookie_consent_text = Bu web sitesi, size en iyi deneyimi sunmak için çerezler kullanır.
[2025-07-12 23:51:13] Ayar bulundu: cookie_consent_button_text = Kabul Et
[2025-07-12 23:51:13] Ayar bulundu: cookie_consent_position = bottom-left
[2025-07-12 23:51:13] Ayar bulundu: cookie_consent_theme = light
[2025-07-12 23:51:13] Ayar bulundu: cookie_consent_show_link = 1
[2025-07-12 23:51:13] Ayar bulundu: cookie_consent_link_text = Daha fazla bilgi
[2025-07-12 23:51:13] Ayar bulundu: cookie_analytics_enabled = 1
[2025-07-12 23:51:13] Ayar bulundu: cookie_marketing_enabled = 1
[2025-07-12 23:51:13] Döndürülen sonuç: {"cookie_consent_enabled":"1","cookie_consent_text":"Bu web sitesi, size en iyi deneyimi sunmak i\u00e7in \u00e7erezler kullan\u0131r.","cookie_consent_button_text":"Kabul Et","cookie_consent_position":"bottom-left","cookie_consent_theme":"light","cookie_consent_show_link":"1","cookie_consent_link_text":"Daha fazla bilgi","cookie_analytics_enabled":"1","cookie_marketing_enabled":"1"}
[2025-07-12 23:51:17] İstenen ayarlar: cookie_consent_enabled, cookie_consent_text, cookie_consent_button_text, cookie_consent_position, cookie_consent_theme, cookie_consent_show_link, cookie_consent_link_text, cookie_analytics_enabled, cookie_marketing_enabled
[2025-07-12 23:51:17] Belirli ayarlar istendi. SQL sorgusu: SELECT setting_key, setting_value FROM settings WHERE setting_key IN (?,?,?,?,?,?,?,?,?)
[2025-07-12 23:51:17] Ayar bulundu: cookie_consent_enabled = 1
[2025-07-12 23:51:17] Ayar bulundu: cookie_consent_text = Bu web sitesi, size en iyi deneyimi sunmak için çerezler kullanır.
[2025-07-12 23:51:17] Ayar bulundu: cookie_consent_button_text = Kabul Et
[2025-07-12 23:51:17] Ayar bulundu: cookie_consent_position = bottom-left
[2025-07-12 23:51:17] Ayar bulundu: cookie_consent_theme = light
[2025-07-12 23:51:17] Ayar bulundu: cookie_consent_show_link = 1
[2025-07-12 23:51:17] Ayar bulundu: cookie_consent_link_text = Daha fazla bilgi
[2025-07-12 23:51:17] Ayar bulundu: cookie_analytics_enabled = 1
[2025-07-12 23:51:17] Ayar bulundu: cookie_marketing_enabled = 1
[2025-07-12 23:51:17] Döndürülen sonuç: {"cookie_consent_enabled":"1","cookie_consent_text":"Bu web sitesi, size en iyi deneyimi sunmak i\u00e7in \u00e7erezler kullan\u0131r.","cookie_consent_button_text":"Kabul Et","cookie_consent_position":"bottom-left","cookie_consent_theme":"light","cookie_consent_show_link":"1","cookie_consent_link_text":"Daha fazla bilgi","cookie_analytics_enabled":"1","cookie_marketing_enabled":"1"}
[2025-07-12 23:51:19] İstenen ayarlar: cookie_consent_enabled, cookie_consent_text, cookie_consent_button_text, cookie_consent_position, cookie_consent_theme, cookie_consent_show_link, cookie_consent_link_text, cookie_analytics_enabled, cookie_marketing_enabled
[2025-07-12 23:51:19] Belirli ayarlar istendi. SQL sorgusu: SELECT setting_key, setting_value FROM settings WHERE setting_key IN (?,?,?,?,?,?,?,?,?)
[2025-07-12 23:51:19] Ayar bulundu: cookie_consent_enabled = 1
[2025-07-12 23:51:19] Ayar bulundu: cookie_consent_text = Bu web sitesi, size en iyi deneyimi sunmak için çerezler kullanır.
[2025-07-12 23:51:19] Ayar bulundu: cookie_consent_button_text = Kabul Et
[2025-07-12 23:51:19] Ayar bulundu: cookie_consent_position = bottom-left
[2025-07-12 23:51:19] Ayar bulundu: cookie_consent_theme = light
[2025-07-12 23:51:19] Ayar bulundu: cookie_consent_show_link = 1
[2025-07-12 23:51:19] Ayar bulundu: cookie_consent_link_text = Daha fazla bilgi
[2025-07-12 23:51:19] Ayar bulundu: cookie_analytics_enabled = 1
[2025-07-12 23:51:19] Ayar bulundu: cookie_marketing_enabled = 1
[2025-07-12 23:51:19] Döndürülen sonuç: {"cookie_consent_enabled":"1","cookie_consent_text":"Bu web sitesi, size en iyi deneyimi sunmak i\u00e7in \u00e7erezler kullan\u0131r.","cookie_consent_button_text":"Kabul Et","cookie_consent_position":"bottom-left","cookie_consent_theme":"light","cookie_consent_show_link":"1","cookie_consent_link_text":"Daha fazla bilgi","cookie_analytics_enabled":"1","cookie_marketing_enabled":"1"}
[2025-07-12 23:51:20] İstenen ayarlar: cookie_consent_enabled, cookie_consent_text, cookie_consent_button_text, cookie_consent_position, cookie_consent_theme, cookie_consent_show_link, cookie_consent_link_text, cookie_analytics_enabled, cookie_marketing_enabled
[2025-07-12 23:51:20] Belirli ayarlar istendi. SQL sorgusu: SELECT setting_key, setting_value FROM settings WHERE setting_key IN (?,?,?,?,?,?,?,?,?)
[2025-07-12 23:51:20] Ayar bulundu: cookie_consent_enabled = 1
[2025-07-12 23:51:20] Ayar bulundu: cookie_consent_text = Bu web sitesi, size en iyi deneyimi sunmak için çerezler kullanır.
[2025-07-12 23:51:20] Ayar bulundu: cookie_consent_button_text = Kabul Et
[2025-07-12 23:51:20] Ayar bulundu: cookie_consent_position = bottom-left
[2025-07-12 23:51:20] Ayar bulundu: cookie_consent_theme = light
[2025-07-12 23:51:20] Ayar bulundu: cookie_consent_show_link = 1
[2025-07-12 23:51:20] Ayar bulundu: cookie_consent_link_text = Daha fazla bilgi
[2025-07-12 23:51:20] Ayar bulundu: cookie_analytics_enabled = 1
[2025-07-12 23:51:20] Ayar bulundu: cookie_marketing_enabled = 1
[2025-07-12 23:51:20] Döndürülen sonuç: {"cookie_consent_enabled":"1","cookie_consent_text":"Bu web sitesi, size en iyi deneyimi sunmak i\u00e7in \u00e7erezler kullan\u0131r.","cookie_consent_button_text":"Kabul Et","cookie_consent_position":"bottom-left","cookie_consent_theme":"light","cookie_consent_show_link":"1","cookie_consent_link_text":"Daha fazla bilgi","cookie_analytics_enabled":"1","cookie_marketing_enabled":"1"}
[2025-07-12 23:51:29] İstenen ayarlar: cookie_consent_enabled, cookie_consent_text, cookie_consent_button_text, cookie_consent_position, cookie_consent_theme, cookie_consent_show_link, cookie_consent_link_text, cookie_analytics_enabled, cookie_marketing_enabled
[2025-07-12 23:51:29] Belirli ayarlar istendi. SQL sorgusu: SELECT setting_key, setting_value FROM settings WHERE setting_key IN (?,?,?,?,?,?,?,?,?)
[2025-07-12 23:51:29] Ayar bulundu: cookie_consent_enabled = 1
[2025-07-12 23:51:29] Ayar bulundu: cookie_consent_text = Bu web sitesi, size en iyi deneyimi sunmak için çerezler kullanır.
[2025-07-12 23:51:29] Ayar bulundu: cookie_consent_button_text = Kabul Et
[2025-07-12 23:51:29] Ayar bulundu: cookie_consent_position = bottom-left
[2025-07-12 23:51:29] Ayar bulundu: cookie_consent_theme = light
[2025-07-12 23:51:29] Ayar bulundu: cookie_consent_show_link = 1
[2025-07-12 23:51:29] Ayar bulundu: cookie_consent_link_text = Daha fazla bilgi
[2025-07-12 23:51:29] Ayar bulundu: cookie_analytics_enabled = 1
[2025-07-12 23:51:29] Ayar bulundu: cookie_marketing_enabled = 1
[2025-07-12 23:51:29] Döndürülen sonuç: {"cookie_consent_enabled":"1","cookie_consent_text":"Bu web sitesi, size en iyi deneyimi sunmak i\u00e7in \u00e7erezler kullan\u0131r.","cookie_consent_button_text":"Kabul Et","cookie_consent_position":"bottom-left","cookie_consent_theme":"light","cookie_consent_show_link":"1","cookie_consent_link_text":"Daha fazla bilgi","cookie_analytics_enabled":"1","cookie_marketing_enabled":"1"}
