[2025-07-14 12:09:31] İstenen ayarlar: cookie_consent_enabled, cookie_consent_text, cookie_consent_button_text, cookie_consent_position, cookie_consent_theme, cookie_consent_show_link, cookie_consent_link_text, cookie_analytics_enabled, cookie_marketing_enabled
[2025-07-14 12:09:31] Belirli ayarlar istendi. SQL sorgusu: SELECT setting_key, setting_value FROM settings WHERE setting_key IN (?,?,?,?,?,?,?,?,?)
[2025-07-14 12:09:31] Ayar bulundu: cookie_consent_enabled = 1
[2025-07-14 12:09:31] Ayar bulundu: cookie_consent_text = Bu web sitesi, size en iyi deneyimi sunmak için çerezler kullanır.
[2025-07-14 12:09:31] Ayar bulundu: cookie_consent_button_text = Kabul Et
[2025-07-14 12:09:31] Ayar bulundu: cookie_consent_position = bottom-left
[2025-07-14 12:09:31] Ayar bulundu: cookie_consent_theme = light
[2025-07-14 12:09:31] Ayar bulundu: cookie_consent_show_link = 1
[2025-07-14 12:09:31] Ayar bulundu: cookie_consent_link_text = Daha fazla bilgi
[2025-07-14 12:09:31] Ayar bulundu: cookie_analytics_enabled = 1
[2025-07-14 12:09:31] Ayar bulundu: cookie_marketing_enabled = 1
[2025-07-14 12:09:31] Döndürülen sonuç: {"cookie_consent_enabled":"1","cookie_consent_text":"Bu web sitesi, size en iyi deneyimi sunmak i\u00e7in \u00e7erezler kullan\u0131r.","cookie_consent_button_text":"Kabul Et","cookie_consent_position":"bottom-left","cookie_consent_theme":"light","cookie_consent_show_link":"1","cookie_consent_link_text":"Daha fazla bilgi","cookie_analytics_enabled":"1","cookie_marketing_enabled":"1"}
[2025-07-14 12:09:34] İstenen ayarlar: cookie_consent_enabled, cookie_consent_text, cookie_consent_button_text, cookie_consent_position, cookie_consent_theme, cookie_consent_show_link, cookie_consent_link_text, cookie_analytics_enabled, cookie_marketing_enabled
[2025-07-14 12:09:34] Belirli ayarlar istendi. SQL sorgusu: SELECT setting_key, setting_value FROM settings WHERE setting_key IN (?,?,?,?,?,?,?,?,?)
[2025-07-14 12:09:34] Ayar bulundu: cookie_consent_enabled = 1
[2025-07-14 12:09:34] Ayar bulundu: cookie_consent_text = Bu web sitesi, size en iyi deneyimi sunmak için çerezler kullanır.
[2025-07-14 12:09:34] Ayar bulundu: cookie_consent_button_text = Kabul Et
[2025-07-14 12:09:34] Ayar bulundu: cookie_consent_position = bottom-left
[2025-07-14 12:09:34] Ayar bulundu: cookie_consent_theme = light
[2025-07-14 12:09:34] Ayar bulundu: cookie_consent_show_link = 1
[2025-07-14 12:09:34] Ayar bulundu: cookie_consent_link_text = Daha fazla bilgi
[2025-07-14 12:09:34] Ayar bulundu: cookie_analytics_enabled = 1
[2025-07-14 12:09:34] Ayar bulundu: cookie_marketing_enabled = 1
[2025-07-14 12:09:34] Döndürülen sonuç: {"cookie_consent_enabled":"1","cookie_consent_text":"Bu web sitesi, size en iyi deneyimi sunmak i\u00e7in \u00e7erezler kullan\u0131r.","cookie_consent_button_text":"Kabul Et","cookie_consent_position":"bottom-left","cookie_consent_theme":"light","cookie_consent_show_link":"1","cookie_consent_link_text":"Daha fazla bilgi","cookie_analytics_enabled":"1","cookie_marketing_enabled":"1"}
[2025-07-14 12:09:43] İstenen ayarlar: cookie_consent_enabled, cookie_consent_text, cookie_consent_button_text, cookie_consent_position, cookie_consent_theme, cookie_consent_show_link, cookie_consent_link_text, cookie_analytics_enabled, cookie_marketing_enabled
[2025-07-14 12:09:43] Belirli ayarlar istendi. SQL sorgusu: SELECT setting_key, setting_value FROM settings WHERE setting_key IN (?,?,?,?,?,?,?,?,?)
[2025-07-14 12:09:43] Ayar bulundu: cookie_consent_enabled = 1
[2025-07-14 12:09:43] Ayar bulundu: cookie_consent_text = Bu web sitesi, size en iyi deneyimi sunmak için çerezler kullanır.
[2025-07-14 12:09:43] Ayar bulundu: cookie_consent_button_text = Kabul Et
[2025-07-14 12:09:43] Ayar bulundu: cookie_consent_position = bottom-left
[2025-07-14 12:09:43] Ayar bulundu: cookie_consent_theme = light
[2025-07-14 12:09:43] Ayar bulundu: cookie_consent_show_link = 1
[2025-07-14 12:09:43] Ayar bulundu: cookie_consent_link_text = Daha fazla bilgi
[2025-07-14 12:09:43] Ayar bulundu: cookie_analytics_enabled = 1
[2025-07-14 12:09:43] Ayar bulundu: cookie_marketing_enabled = 1
[2025-07-14 12:09:43] Döndürülen sonuç: {"cookie_consent_enabled":"1","cookie_consent_text":"Bu web sitesi, size en iyi deneyimi sunmak i\u00e7in \u00e7erezler kullan\u0131r.","cookie_consent_button_text":"Kabul Et","cookie_consent_position":"bottom-left","cookie_consent_theme":"light","cookie_consent_show_link":"1","cookie_consent_link_text":"Daha fazla bilgi","cookie_analytics_enabled":"1","cookie_marketing_enabled":"1"}
[2025-07-14 12:12:27] İstenen ayarlar: cookie_consent_enabled, cookie_consent_text, cookie_consent_button_text, cookie_consent_position, cookie_consent_theme, cookie_consent_show_link, cookie_consent_link_text, cookie_analytics_enabled, cookie_marketing_enabled
[2025-07-14 12:12:27] Belirli ayarlar istendi. SQL sorgusu: SELECT setting_key, setting_value FROM settings WHERE setting_key IN (?,?,?,?,?,?,?,?,?)
[2025-07-14 12:12:27] Ayar bulundu: cookie_consent_enabled = 1
[2025-07-14 12:12:27] Ayar bulundu: cookie_consent_text = Bu web sitesi, size en iyi deneyimi sunmak için çerezler kullanır.
[2025-07-14 12:12:27] Ayar bulundu: cookie_consent_button_text = Kabul Et
[2025-07-14 12:12:27] Ayar bulundu: cookie_consent_position = bottom-left
[2025-07-14 12:12:27] Ayar bulundu: cookie_consent_theme = light
[2025-07-14 12:12:27] Ayar bulundu: cookie_consent_show_link = 1
[2025-07-14 12:12:27] Ayar bulundu: cookie_consent_link_text = Daha fazla bilgi
[2025-07-14 12:12:27] Ayar bulundu: cookie_analytics_enabled = 1
[2025-07-14 12:12:27] Ayar bulundu: cookie_marketing_enabled = 1
[2025-07-14 12:12:27] Döndürülen sonuç: {"cookie_consent_enabled":"1","cookie_consent_text":"Bu web sitesi, size en iyi deneyimi sunmak i\u00e7in \u00e7erezler kullan\u0131r.","cookie_consent_button_text":"Kabul Et","cookie_consent_position":"bottom-left","cookie_consent_theme":"light","cookie_consent_show_link":"1","cookie_consent_link_text":"Daha fazla bilgi","cookie_analytics_enabled":"1","cookie_marketing_enabled":"1"}
[2025-07-14 12:12:45] İstenen ayarlar: cookie_consent_enabled, cookie_consent_text, cookie_consent_button_text, cookie_consent_position, cookie_consent_theme, cookie_consent_show_link, cookie_consent_link_text, cookie_analytics_enabled, cookie_marketing_enabled
[2025-07-14 12:12:45] Belirli ayarlar istendi. SQL sorgusu: SELECT setting_key, setting_value FROM settings WHERE setting_key IN (?,?,?,?,?,?,?,?,?)
[2025-07-14 12:12:45] Ayar bulundu: cookie_consent_enabled = 1
[2025-07-14 12:12:45] Ayar bulundu: cookie_consent_text = Bu web sitesi, size en iyi deneyimi sunmak için çerezler kullanır.
[2025-07-14 12:12:45] Ayar bulundu: cookie_consent_button_text = Kabul Et
[2025-07-14 12:12:45] Ayar bulundu: cookie_consent_position = bottom-left
[2025-07-14 12:12:45] Ayar bulundu: cookie_consent_theme = light
[2025-07-14 12:12:45] Ayar bulundu: cookie_consent_show_link = 1
[2025-07-14 12:12:45] Ayar bulundu: cookie_consent_link_text = Daha fazla bilgi
[2025-07-14 12:12:45] Ayar bulundu: cookie_analytics_enabled = 1
[2025-07-14 12:12:45] Ayar bulundu: cookie_marketing_enabled = 1
[2025-07-14 12:12:45] Döndürülen sonuç: {"cookie_consent_enabled":"1","cookie_consent_text":"Bu web sitesi, size en iyi deneyimi sunmak i\u00e7in \u00e7erezler kullan\u0131r.","cookie_consent_button_text":"Kabul Et","cookie_consent_position":"bottom-left","cookie_consent_theme":"light","cookie_consent_show_link":"1","cookie_consent_link_text":"Daha fazla bilgi","cookie_analytics_enabled":"1","cookie_marketing_enabled":"1"}
[2025-07-14 12:12:56] İstenen ayarlar: cookie_consent_enabled, cookie_consent_text, cookie_consent_button_text, cookie_consent_position, cookie_consent_theme, cookie_consent_show_link, cookie_consent_link_text, cookie_analytics_enabled, cookie_marketing_enabled
[2025-07-14 12:12:56] Belirli ayarlar istendi. SQL sorgusu: SELECT setting_key, setting_value FROM settings WHERE setting_key IN (?,?,?,?,?,?,?,?,?)
[2025-07-14 12:12:56] Ayar bulundu: cookie_consent_enabled = 1
[2025-07-14 12:12:56] Ayar bulundu: cookie_consent_text = Bu web sitesi, size en iyi deneyimi sunmak için çerezler kullanır.
[2025-07-14 12:12:56] Ayar bulundu: cookie_consent_button_text = Kabul Et
[2025-07-14 12:12:56] Ayar bulundu: cookie_consent_position = bottom-left
[2025-07-14 12:12:56] Ayar bulundu: cookie_consent_theme = light
[2025-07-14 12:12:56] Ayar bulundu: cookie_consent_show_link = 1
[2025-07-14 12:12:56] Ayar bulundu: cookie_consent_link_text = Daha fazla bilgi
[2025-07-14 12:12:56] Ayar bulundu: cookie_analytics_enabled = 1
[2025-07-14 12:12:56] Ayar bulundu: cookie_marketing_enabled = 1
[2025-07-14 12:12:56] Döndürülen sonuç: {"cookie_consent_enabled":"1","cookie_consent_text":"Bu web sitesi, size en iyi deneyimi sunmak i\u00e7in \u00e7erezler kullan\u0131r.","cookie_consent_button_text":"Kabul Et","cookie_consent_position":"bottom-left","cookie_consent_theme":"light","cookie_consent_show_link":"1","cookie_consent_link_text":"Daha fazla bilgi","cookie_analytics_enabled":"1","cookie_marketing_enabled":"1"}
[2025-07-14 12:13:06] İstenen ayarlar: cookie_consent_enabled, cookie_consent_text, cookie_consent_button_text, cookie_consent_position, cookie_consent_theme, cookie_consent_show_link, cookie_consent_link_text, cookie_analytics_enabled, cookie_marketing_enabled
[2025-07-14 12:13:06] Belirli ayarlar istendi. SQL sorgusu: SELECT setting_key, setting_value FROM settings WHERE setting_key IN (?,?,?,?,?,?,?,?,?)
[2025-07-14 12:13:06] Ayar bulundu: cookie_consent_enabled = 1
[2025-07-14 12:13:06] Ayar bulundu: cookie_consent_text = Bu web sitesi, size en iyi deneyimi sunmak için çerezler kullanır.
[2025-07-14 12:13:06] Ayar bulundu: cookie_consent_button_text = Kabul Et
[2025-07-14 12:13:06] Ayar bulundu: cookie_consent_position = bottom-left
[2025-07-14 12:13:06] Ayar bulundu: cookie_consent_theme = light
[2025-07-14 12:13:06] Ayar bulundu: cookie_consent_show_link = 1
[2025-07-14 12:13:06] Ayar bulundu: cookie_consent_link_text = Daha fazla bilgi
[2025-07-14 12:13:06] Ayar bulundu: cookie_analytics_enabled = 1
[2025-07-14 12:13:06] Ayar bulundu: cookie_marketing_enabled = 1
[2025-07-14 12:13:06] Döndürülen sonuç: {"cookie_consent_enabled":"1","cookie_consent_text":"Bu web sitesi, size en iyi deneyimi sunmak i\u00e7in \u00e7erezler kullan\u0131r.","cookie_consent_button_text":"Kabul Et","cookie_consent_position":"bottom-left","cookie_consent_theme":"light","cookie_consent_show_link":"1","cookie_consent_link_text":"Daha fazla bilgi","cookie_analytics_enabled":"1","cookie_marketing_enabled":"1"}
[2025-07-14 12:13:28] İstenen ayarlar: cookie_consent_enabled, cookie_consent_text, cookie_consent_button_text, cookie_consent_position, cookie_consent_theme, cookie_consent_show_link, cookie_consent_link_text, cookie_analytics_enabled, cookie_marketing_enabled
[2025-07-14 12:13:28] Belirli ayarlar istendi. SQL sorgusu: SELECT setting_key, setting_value FROM settings WHERE setting_key IN (?,?,?,?,?,?,?,?,?)
[2025-07-14 12:13:28] Ayar bulundu: cookie_consent_enabled = 1
[2025-07-14 12:13:28] Ayar bulundu: cookie_consent_text = Bu web sitesi, size en iyi deneyimi sunmak için çerezler kullanır.
[2025-07-14 12:13:28] Ayar bulundu: cookie_consent_button_text = Kabul Et
[2025-07-14 12:13:28] Ayar bulundu: cookie_consent_position = bottom-left
[2025-07-14 12:13:28] Ayar bulundu: cookie_consent_theme = light
[2025-07-14 12:13:28] Ayar bulundu: cookie_consent_show_link = 1
[2025-07-14 12:13:28] Ayar bulundu: cookie_consent_link_text = Daha fazla bilgi
[2025-07-14 12:13:28] Ayar bulundu: cookie_analytics_enabled = 1
[2025-07-14 12:13:28] Ayar bulundu: cookie_marketing_enabled = 1
[2025-07-14 12:13:28] Döndürülen sonuç: {"cookie_consent_enabled":"1","cookie_consent_text":"Bu web sitesi, size en iyi deneyimi sunmak i\u00e7in \u00e7erezler kullan\u0131r.","cookie_consent_button_text":"Kabul Et","cookie_consent_position":"bottom-left","cookie_consent_theme":"light","cookie_consent_show_link":"1","cookie_consent_link_text":"Daha fazla bilgi","cookie_analytics_enabled":"1","cookie_marketing_enabled":"1"}
[2025-07-14 12:13:42] İstenen ayarlar: cookie_consent_enabled, cookie_consent_text, cookie_consent_button_text, cookie_consent_position, cookie_consent_theme, cookie_consent_show_link, cookie_consent_link_text, cookie_analytics_enabled, cookie_marketing_enabled
[2025-07-14 12:13:42] Belirli ayarlar istendi. SQL sorgusu: SELECT setting_key, setting_value FROM settings WHERE setting_key IN (?,?,?,?,?,?,?,?,?)
[2025-07-14 12:13:42] Ayar bulundu: cookie_consent_enabled = 1
[2025-07-14 12:13:42] Ayar bulundu: cookie_consent_text = Bu web sitesi, size en iyi deneyimi sunmak için çerezler kullanır.
[2025-07-14 12:13:42] Ayar bulundu: cookie_consent_button_text = Kabul Et
[2025-07-14 12:13:42] Ayar bulundu: cookie_consent_position = bottom-left
[2025-07-14 12:13:42] Ayar bulundu: cookie_consent_theme = light
[2025-07-14 12:13:42] Ayar bulundu: cookie_consent_show_link = 1
[2025-07-14 12:13:42] Ayar bulundu: cookie_consent_link_text = Daha fazla bilgi
[2025-07-14 12:13:42] Ayar bulundu: cookie_analytics_enabled = 1
[2025-07-14 12:13:42] Ayar bulundu: cookie_marketing_enabled = 1
[2025-07-14 12:13:42] Döndürülen sonuç: {"cookie_consent_enabled":"1","cookie_consent_text":"Bu web sitesi, size en iyi deneyimi sunmak i\u00e7in \u00e7erezler kullan\u0131r.","cookie_consent_button_text":"Kabul Et","cookie_consent_position":"bottom-left","cookie_consent_theme":"light","cookie_consent_show_link":"1","cookie_consent_link_text":"Daha fazla bilgi","cookie_analytics_enabled":"1","cookie_marketing_enabled":"1"}
[2025-07-14 12:14:17] İstenen ayarlar: cookie_consent_enabled, cookie_consent_text, cookie_consent_button_text, cookie_consent_position, cookie_consent_theme, cookie_consent_show_link, cookie_consent_link_text, cookie_analytics_enabled, cookie_marketing_enabled
[2025-07-14 12:14:17] Belirli ayarlar istendi. SQL sorgusu: SELECT setting_key, setting_value FROM settings WHERE setting_key IN (?,?,?,?,?,?,?,?,?)
[2025-07-14 12:14:17] Ayar bulundu: cookie_consent_enabled = 1
[2025-07-14 12:14:17] Ayar bulundu: cookie_consent_text = Bu web sitesi, size en iyi deneyimi sunmak için çerezler kullanır.
[2025-07-14 12:14:17] Ayar bulundu: cookie_consent_button_text = Kabul Et
[2025-07-14 12:14:17] Ayar bulundu: cookie_consent_position = bottom-left
[2025-07-14 12:14:17] Ayar bulundu: cookie_consent_theme = light
[2025-07-14 12:14:17] Ayar bulundu: cookie_consent_show_link = 1
[2025-07-14 12:14:17] Ayar bulundu: cookie_consent_link_text = Daha fazla bilgi
[2025-07-14 12:14:17] Ayar bulundu: cookie_analytics_enabled = 1
[2025-07-14 12:14:17] Ayar bulundu: cookie_marketing_enabled = 1
[2025-07-14 12:14:17] Döndürülen sonuç: {"cookie_consent_enabled":"1","cookie_consent_text":"Bu web sitesi, size en iyi deneyimi sunmak i\u00e7in \u00e7erezler kullan\u0131r.","cookie_consent_button_text":"Kabul Et","cookie_consent_position":"bottom-left","cookie_consent_theme":"light","cookie_consent_show_link":"1","cookie_consent_link_text":"Daha fazla bilgi","cookie_analytics_enabled":"1","cookie_marketing_enabled":"1"}
[2025-07-14 12:14:34] İstenen ayarlar: cookie_consent_enabled, cookie_consent_text, cookie_consent_button_text, cookie_consent_position, cookie_consent_theme, cookie_consent_show_link, cookie_consent_link_text, cookie_analytics_enabled, cookie_marketing_enabled
[2025-07-14 12:14:34] Belirli ayarlar istendi. SQL sorgusu: SELECT setting_key, setting_value FROM settings WHERE setting_key IN (?,?,?,?,?,?,?,?,?)
[2025-07-14 12:14:34] Ayar bulundu: cookie_consent_enabled = 1
[2025-07-14 12:14:34] Ayar bulundu: cookie_consent_text = Bu web sitesi, size en iyi deneyimi sunmak için çerezler kullanır.
[2025-07-14 12:14:34] Ayar bulundu: cookie_consent_button_text = Kabul Et
[2025-07-14 12:14:34] Ayar bulundu: cookie_consent_position = bottom-left
[2025-07-14 12:14:34] Ayar bulundu: cookie_consent_theme = light
[2025-07-14 12:14:34] Ayar bulundu: cookie_consent_show_link = 1
[2025-07-14 12:14:34] Ayar bulundu: cookie_consent_link_text = Daha fazla bilgi
[2025-07-14 12:14:34] Ayar bulundu: cookie_analytics_enabled = 1
[2025-07-14 12:14:34] Ayar bulundu: cookie_marketing_enabled = 1
[2025-07-14 12:14:34] Döndürülen sonuç: {"cookie_consent_enabled":"1","cookie_consent_text":"Bu web sitesi, size en iyi deneyimi sunmak i\u00e7in \u00e7erezler kullan\u0131r.","cookie_consent_button_text":"Kabul Et","cookie_consent_position":"bottom-left","cookie_consent_theme":"light","cookie_consent_show_link":"1","cookie_consent_link_text":"Daha fazla bilgi","cookie_analytics_enabled":"1","cookie_marketing_enabled":"1"}
[2025-07-14 12:14:38] İstenen ayarlar: cookie_consent_enabled, cookie_consent_text, cookie_consent_button_text, cookie_consent_position, cookie_consent_theme, cookie_consent_show_link, cookie_consent_link_text, cookie_analytics_enabled, cookie_marketing_enabled
[2025-07-14 12:14:38] Belirli ayarlar istendi. SQL sorgusu: SELECT setting_key, setting_value FROM settings WHERE setting_key IN (?,?,?,?,?,?,?,?,?)
[2025-07-14 12:14:38] Ayar bulundu: cookie_consent_enabled = 1
[2025-07-14 12:14:38] Ayar bulundu: cookie_consent_text = Bu web sitesi, size en iyi deneyimi sunmak için çerezler kullanır.
[2025-07-14 12:14:38] Ayar bulundu: cookie_consent_button_text = Kabul Et
[2025-07-14 12:14:38] Ayar bulundu: cookie_consent_position = bottom-left
[2025-07-14 12:14:38] Ayar bulundu: cookie_consent_theme = light
[2025-07-14 12:14:38] Ayar bulundu: cookie_consent_show_link = 1
[2025-07-14 12:14:38] Ayar bulundu: cookie_consent_link_text = Daha fazla bilgi
[2025-07-14 12:14:38] Ayar bulundu: cookie_analytics_enabled = 1
[2025-07-14 12:14:38] Ayar bulundu: cookie_marketing_enabled = 1
[2025-07-14 12:14:38] Döndürülen sonuç: {"cookie_consent_enabled":"1","cookie_consent_text":"Bu web sitesi, size en iyi deneyimi sunmak i\u00e7in \u00e7erezler kullan\u0131r.","cookie_consent_button_text":"Kabul Et","cookie_consent_position":"bottom-left","cookie_consent_theme":"light","cookie_consent_show_link":"1","cookie_consent_link_text":"Daha fazla bilgi","cookie_analytics_enabled":"1","cookie_marketing_enabled":"1"}
[2025-07-14 12:14:47] İstenen ayarlar: cookie_consent_enabled, cookie_consent_text, cookie_consent_button_text, cookie_consent_position, cookie_consent_theme, cookie_consent_show_link, cookie_consent_link_text, cookie_analytics_enabled, cookie_marketing_enabled
[2025-07-14 12:14:47] Belirli ayarlar istendi. SQL sorgusu: SELECT setting_key, setting_value FROM settings WHERE setting_key IN (?,?,?,?,?,?,?,?,?)
[2025-07-14 12:14:47] Ayar bulundu: cookie_consent_enabled = 1
[2025-07-14 12:14:47] Ayar bulundu: cookie_consent_text = Bu web sitesi, size en iyi deneyimi sunmak için çerezler kullanır.
[2025-07-14 12:14:47] Ayar bulundu: cookie_consent_button_text = Kabul Et
[2025-07-14 12:14:47] Ayar bulundu: cookie_consent_position = bottom-left
[2025-07-14 12:14:47] Ayar bulundu: cookie_consent_theme = light
[2025-07-14 12:14:47] Ayar bulundu: cookie_consent_show_link = 1
[2025-07-14 12:14:47] Ayar bulundu: cookie_consent_link_text = Daha fazla bilgi
[2025-07-14 12:14:47] Ayar bulundu: cookie_analytics_enabled = 1
[2025-07-14 12:14:47] Ayar bulundu: cookie_marketing_enabled = 1
[2025-07-14 12:14:47] Döndürülen sonuç: {"cookie_consent_enabled":"1","cookie_consent_text":"Bu web sitesi, size en iyi deneyimi sunmak i\u00e7in \u00e7erezler kullan\u0131r.","cookie_consent_button_text":"Kabul Et","cookie_consent_position":"bottom-left","cookie_consent_theme":"light","cookie_consent_show_link":"1","cookie_consent_link_text":"Daha fazla bilgi","cookie_analytics_enabled":"1","cookie_marketing_enabled":"1"}
[2025-07-14 12:15:26] İstenen ayarlar: cookie_consent_enabled, cookie_consent_text, cookie_consent_button_text, cookie_consent_position, cookie_consent_theme, cookie_consent_show_link, cookie_consent_link_text, cookie_analytics_enabled, cookie_marketing_enabled
[2025-07-14 12:15:26] Belirli ayarlar istendi. SQL sorgusu: SELECT setting_key, setting_value FROM settings WHERE setting_key IN (?,?,?,?,?,?,?,?,?)
[2025-07-14 12:15:26] Ayar bulundu: cookie_consent_enabled = 1
[2025-07-14 12:15:26] Ayar bulundu: cookie_consent_text = Bu web sitesi, size en iyi deneyimi sunmak için çerezler kullanır.
[2025-07-14 12:15:26] Ayar bulundu: cookie_consent_button_text = Kabul Et
[2025-07-14 12:15:26] Ayar bulundu: cookie_consent_position = bottom-left
[2025-07-14 12:15:26] Ayar bulundu: cookie_consent_theme = light
[2025-07-14 12:15:26] Ayar bulundu: cookie_consent_show_link = 1
[2025-07-14 12:15:26] Ayar bulundu: cookie_consent_link_text = Daha fazla bilgi
[2025-07-14 12:15:26] Ayar bulundu: cookie_analytics_enabled = 1
[2025-07-14 12:15:26] Ayar bulundu: cookie_marketing_enabled = 1
[2025-07-14 12:15:26] Döndürülen sonuç: {"cookie_consent_enabled":"1","cookie_consent_text":"Bu web sitesi, size en iyi deneyimi sunmak i\u00e7in \u00e7erezler kullan\u0131r.","cookie_consent_button_text":"Kabul Et","cookie_consent_position":"bottom-left","cookie_consent_theme":"light","cookie_consent_show_link":"1","cookie_consent_link_text":"Daha fazla bilgi","cookie_analytics_enabled":"1","cookie_marketing_enabled":"1"}
[2025-07-14 12:15:33] İstenen ayarlar: cookie_consent_enabled, cookie_consent_text, cookie_consent_button_text, cookie_consent_position, cookie_consent_theme, cookie_consent_show_link, cookie_consent_link_text, cookie_analytics_enabled, cookie_marketing_enabled
[2025-07-14 12:15:33] Belirli ayarlar istendi. SQL sorgusu: SELECT setting_key, setting_value FROM settings WHERE setting_key IN (?,?,?,?,?,?,?,?,?)
[2025-07-14 12:15:33] Ayar bulundu: cookie_consent_enabled = 1
[2025-07-14 12:15:33] Ayar bulundu: cookie_consent_text = Bu web sitesi, size en iyi deneyimi sunmak için çerezler kullanır.
[2025-07-14 12:15:33] Ayar bulundu: cookie_consent_button_text = Kabul Et
[2025-07-14 12:15:33] Ayar bulundu: cookie_consent_position = bottom-left
[2025-07-14 12:15:33] Ayar bulundu: cookie_consent_theme = light
[2025-07-14 12:15:33] Ayar bulundu: cookie_consent_show_link = 1
[2025-07-14 12:15:33] Ayar bulundu: cookie_consent_link_text = Daha fazla bilgi
[2025-07-14 12:15:33] Ayar bulundu: cookie_analytics_enabled = 1
[2025-07-14 12:15:33] Ayar bulundu: cookie_marketing_enabled = 1
[2025-07-14 12:15:33] Döndürülen sonuç: {"cookie_consent_enabled":"1","cookie_consent_text":"Bu web sitesi, size en iyi deneyimi sunmak i\u00e7in \u00e7erezler kullan\u0131r.","cookie_consent_button_text":"Kabul Et","cookie_consent_position":"bottom-left","cookie_consent_theme":"light","cookie_consent_show_link":"1","cookie_consent_link_text":"Daha fazla bilgi","cookie_analytics_enabled":"1","cookie_marketing_enabled":"1"}
[2025-07-14 12:16:41] İstenen ayarlar: cookie_consent_enabled, cookie_consent_text, cookie_consent_button_text, cookie_consent_position, cookie_consent_theme, cookie_consent_show_link, cookie_consent_link_text, cookie_analytics_enabled, cookie_marketing_enabled
[2025-07-14 12:16:41] Belirli ayarlar istendi. SQL sorgusu: SELECT setting_key, setting_value FROM settings WHERE setting_key IN (?,?,?,?,?,?,?,?,?)
[2025-07-14 12:16:41] Ayar bulundu: cookie_consent_enabled = 1
[2025-07-14 12:16:41] Ayar bulundu: cookie_consent_text = Bu web sitesi, size en iyi deneyimi sunmak için çerezler kullanır.
[2025-07-14 12:16:41] Ayar bulundu: cookie_consent_button_text = Kabul Et
[2025-07-14 12:16:41] Ayar bulundu: cookie_consent_position = bottom-left
[2025-07-14 12:16:41] Ayar bulundu: cookie_consent_theme = light
[2025-07-14 12:16:41] Ayar bulundu: cookie_consent_show_link = 1
[2025-07-14 12:16:41] Ayar bulundu: cookie_consent_link_text = Daha fazla bilgi
[2025-07-14 12:16:41] Ayar bulundu: cookie_analytics_enabled = 1
[2025-07-14 12:16:41] Ayar bulundu: cookie_marketing_enabled = 1
[2025-07-14 12:16:41] Döndürülen sonuç: {"cookie_consent_enabled":"1","cookie_consent_text":"Bu web sitesi, size en iyi deneyimi sunmak i\u00e7in \u00e7erezler kullan\u0131r.","cookie_consent_button_text":"Kabul Et","cookie_consent_position":"bottom-left","cookie_consent_theme":"light","cookie_consent_show_link":"1","cookie_consent_link_text":"Daha fazla bilgi","cookie_analytics_enabled":"1","cookie_marketing_enabled":"1"}
[2025-07-14 12:16:46] İstenen ayarlar: cookie_consent_enabled, cookie_consent_text, cookie_consent_button_text, cookie_consent_position, cookie_consent_theme, cookie_consent_show_link, cookie_consent_link_text, cookie_analytics_enabled, cookie_marketing_enabled
[2025-07-14 12:16:46] Belirli ayarlar istendi. SQL sorgusu: SELECT setting_key, setting_value FROM settings WHERE setting_key IN (?,?,?,?,?,?,?,?,?)
[2025-07-14 12:16:46] Ayar bulundu: cookie_consent_enabled = 1
[2025-07-14 12:16:46] Ayar bulundu: cookie_consent_text = Bu web sitesi, size en iyi deneyimi sunmak için çerezler kullanır.
[2025-07-14 12:16:46] Ayar bulundu: cookie_consent_button_text = Kabul Et
[2025-07-14 12:16:46] Ayar bulundu: cookie_consent_position = bottom-left
[2025-07-14 12:16:46] Ayar bulundu: cookie_consent_theme = light
[2025-07-14 12:16:46] Ayar bulundu: cookie_consent_show_link = 1
[2025-07-14 12:16:46] Ayar bulundu: cookie_consent_link_text = Daha fazla bilgi
[2025-07-14 12:16:46] Ayar bulundu: cookie_analytics_enabled = 1
[2025-07-14 12:16:46] Ayar bulundu: cookie_marketing_enabled = 1
[2025-07-14 12:16:46] Döndürülen sonuç: {"cookie_consent_enabled":"1","cookie_consent_text":"Bu web sitesi, size en iyi deneyimi sunmak i\u00e7in \u00e7erezler kullan\u0131r.","cookie_consent_button_text":"Kabul Et","cookie_consent_position":"bottom-left","cookie_consent_theme":"light","cookie_consent_show_link":"1","cookie_consent_link_text":"Daha fazla bilgi","cookie_analytics_enabled":"1","cookie_marketing_enabled":"1"}
[2025-07-14 12:16:57] İstenen ayarlar: cookie_consent_enabled, cookie_consent_text, cookie_consent_button_text, cookie_consent_position, cookie_consent_theme, cookie_consent_show_link, cookie_consent_link_text, cookie_analytics_enabled, cookie_marketing_enabled
[2025-07-14 12:16:57] Belirli ayarlar istendi. SQL sorgusu: SELECT setting_key, setting_value FROM settings WHERE setting_key IN (?,?,?,?,?,?,?,?,?)
[2025-07-14 12:16:57] Ayar bulundu: cookie_consent_enabled = 1
[2025-07-14 12:16:57] Ayar bulundu: cookie_consent_text = Bu web sitesi, size en iyi deneyimi sunmak için çerezler kullanır.
[2025-07-14 12:16:57] Ayar bulundu: cookie_consent_button_text = Kabul Et
[2025-07-14 12:16:57] Ayar bulundu: cookie_consent_position = bottom-left
[2025-07-14 12:16:57] Ayar bulundu: cookie_consent_theme = light
[2025-07-14 12:16:57] Ayar bulundu: cookie_consent_show_link = 1
[2025-07-14 12:16:57] Ayar bulundu: cookie_consent_link_text = Daha fazla bilgi
[2025-07-14 12:16:57] Ayar bulundu: cookie_analytics_enabled = 1
[2025-07-14 12:16:57] Ayar bulundu: cookie_marketing_enabled = 1
[2025-07-14 12:16:57] Döndürülen sonuç: {"cookie_consent_enabled":"1","cookie_consent_text":"Bu web sitesi, size en iyi deneyimi sunmak i\u00e7in \u00e7erezler kullan\u0131r.","cookie_consent_button_text":"Kabul Et","cookie_consent_position":"bottom-left","cookie_consent_theme":"light","cookie_consent_show_link":"1","cookie_consent_link_text":"Daha fazla bilgi","cookie_analytics_enabled":"1","cookie_marketing_enabled":"1"}
[2025-07-14 12:17:11] İstenen ayarlar: cookie_consent_enabled, cookie_consent_text, cookie_consent_button_text, cookie_consent_position, cookie_consent_theme, cookie_consent_show_link, cookie_consent_link_text, cookie_analytics_enabled, cookie_marketing_enabled
[2025-07-14 12:17:11] Belirli ayarlar istendi. SQL sorgusu: SELECT setting_key, setting_value FROM settings WHERE setting_key IN (?,?,?,?,?,?,?,?,?)
[2025-07-14 12:17:11] Ayar bulundu: cookie_consent_enabled = 1
[2025-07-14 12:17:11] Ayar bulundu: cookie_consent_text = Bu web sitesi, size en iyi deneyimi sunmak için çerezler kullanır.
[2025-07-14 12:17:11] Ayar bulundu: cookie_consent_button_text = Kabul Et
[2025-07-14 12:17:11] Ayar bulundu: cookie_consent_position = bottom-left
[2025-07-14 12:17:11] Ayar bulundu: cookie_consent_theme = light
[2025-07-14 12:17:11] Ayar bulundu: cookie_consent_show_link = 1
[2025-07-14 12:17:11] Ayar bulundu: cookie_consent_link_text = Daha fazla bilgi
[2025-07-14 12:17:11] Ayar bulundu: cookie_analytics_enabled = 1
[2025-07-14 12:17:11] Ayar bulundu: cookie_marketing_enabled = 1
[2025-07-14 12:17:11] Döndürülen sonuç: {"cookie_consent_enabled":"1","cookie_consent_text":"Bu web sitesi, size en iyi deneyimi sunmak i\u00e7in \u00e7erezler kullan\u0131r.","cookie_consent_button_text":"Kabul Et","cookie_consent_position":"bottom-left","cookie_consent_theme":"light","cookie_consent_show_link":"1","cookie_consent_link_text":"Daha fazla bilgi","cookie_analytics_enabled":"1","cookie_marketing_enabled":"1"}
[2025-07-14 12:17:27] İstenen ayarlar: cookie_consent_enabled, cookie_consent_text, cookie_consent_button_text, cookie_consent_position, cookie_consent_theme, cookie_consent_show_link, cookie_consent_link_text, cookie_analytics_enabled, cookie_marketing_enabled
[2025-07-14 12:17:27] Belirli ayarlar istendi. SQL sorgusu: SELECT setting_key, setting_value FROM settings WHERE setting_key IN (?,?,?,?,?,?,?,?,?)
[2025-07-14 12:17:27] Ayar bulundu: cookie_consent_enabled = 1
[2025-07-14 12:17:27] Ayar bulundu: cookie_consent_text = Bu web sitesi, size en iyi deneyimi sunmak için çerezler kullanır.
[2025-07-14 12:17:27] Ayar bulundu: cookie_consent_button_text = Kabul Et
[2025-07-14 12:17:27] Ayar bulundu: cookie_consent_position = bottom-left
[2025-07-14 12:17:27] Ayar bulundu: cookie_consent_theme = light
[2025-07-14 12:17:27] Ayar bulundu: cookie_consent_show_link = 1
[2025-07-14 12:17:27] Ayar bulundu: cookie_consent_link_text = Daha fazla bilgi
[2025-07-14 12:17:27] Ayar bulundu: cookie_analytics_enabled = 1
[2025-07-14 12:17:27] Ayar bulundu: cookie_marketing_enabled = 1
[2025-07-14 12:17:27] Döndürülen sonuç: {"cookie_consent_enabled":"1","cookie_consent_text":"Bu web sitesi, size en iyi deneyimi sunmak i\u00e7in \u00e7erezler kullan\u0131r.","cookie_consent_button_text":"Kabul Et","cookie_consent_position":"bottom-left","cookie_consent_theme":"light","cookie_consent_show_link":"1","cookie_consent_link_text":"Daha fazla bilgi","cookie_analytics_enabled":"1","cookie_marketing_enabled":"1"}
[2025-07-14 12:18:15] İstenen ayarlar: cookie_consent_enabled, cookie_consent_text, cookie_consent_button_text, cookie_consent_position, cookie_consent_theme, cookie_consent_show_link, cookie_consent_link_text, cookie_analytics_enabled, cookie_marketing_enabled
[2025-07-14 12:18:15] Belirli ayarlar istendi. SQL sorgusu: SELECT setting_key, setting_value FROM settings WHERE setting_key IN (?,?,?,?,?,?,?,?,?)
[2025-07-14 12:18:15] Ayar bulundu: cookie_consent_enabled = 1
[2025-07-14 12:18:15] Ayar bulundu: cookie_consent_text = Bu web sitesi, size en iyi deneyimi sunmak için çerezler kullanır.
[2025-07-14 12:18:15] Ayar bulundu: cookie_consent_button_text = Kabul Et
[2025-07-14 12:18:15] Ayar bulundu: cookie_consent_position = bottom-left
[2025-07-14 12:18:15] Ayar bulundu: cookie_consent_theme = light
[2025-07-14 12:18:15] Ayar bulundu: cookie_consent_show_link = 1
[2025-07-14 12:18:15] Ayar bulundu: cookie_consent_link_text = Daha fazla bilgi
[2025-07-14 12:18:15] Ayar bulundu: cookie_analytics_enabled = 1
[2025-07-14 12:18:15] Ayar bulundu: cookie_marketing_enabled = 1
[2025-07-14 12:18:15] Döndürülen sonuç: {"cookie_consent_enabled":"1","cookie_consent_text":"Bu web sitesi, size en iyi deneyimi sunmak i\u00e7in \u00e7erezler kullan\u0131r.","cookie_consent_button_text":"Kabul Et","cookie_consent_position":"bottom-left","cookie_consent_theme":"light","cookie_consent_show_link":"1","cookie_consent_link_text":"Daha fazla bilgi","cookie_analytics_enabled":"1","cookie_marketing_enabled":"1"}
[2025-07-14 12:20:47] İstenen ayarlar: cookie_consent_enabled, cookie_consent_text, cookie_consent_button_text, cookie_consent_position, cookie_consent_theme, cookie_consent_show_link, cookie_consent_link_text, cookie_analytics_enabled, cookie_marketing_enabled
[2025-07-14 12:20:47] Belirli ayarlar istendi. SQL sorgusu: SELECT setting_key, setting_value FROM settings WHERE setting_key IN (?,?,?,?,?,?,?,?,?)
[2025-07-14 12:20:47] Ayar bulundu: cookie_consent_enabled = 1
[2025-07-14 12:20:47] Ayar bulundu: cookie_consent_text = Bu web sitesi, size en iyi deneyimi sunmak için çerezler kullanır.
[2025-07-14 12:20:47] Ayar bulundu: cookie_consent_button_text = Kabul Et
[2025-07-14 12:20:47] Ayar bulundu: cookie_consent_position = bottom-left
[2025-07-14 12:20:47] Ayar bulundu: cookie_consent_theme = light
[2025-07-14 12:20:47] Ayar bulundu: cookie_consent_show_link = 1
[2025-07-14 12:20:47] Ayar bulundu: cookie_consent_link_text = Daha fazla bilgi
[2025-07-14 12:20:47] Ayar bulundu: cookie_analytics_enabled = 1
[2025-07-14 12:20:47] Ayar bulundu: cookie_marketing_enabled = 1
[2025-07-14 12:20:47] Döndürülen sonuç: {"cookie_consent_enabled":"1","cookie_consent_text":"Bu web sitesi, size en iyi deneyimi sunmak i\u00e7in \u00e7erezler kullan\u0131r.","cookie_consent_button_text":"Kabul Et","cookie_consent_position":"bottom-left","cookie_consent_theme":"light","cookie_consent_show_link":"1","cookie_consent_link_text":"Daha fazla bilgi","cookie_analytics_enabled":"1","cookie_marketing_enabled":"1"}
[2025-07-14 12:21:47] İstenen ayarlar: cookie_consent_enabled, cookie_consent_text, cookie_consent_button_text, cookie_consent_position, cookie_consent_theme, cookie_consent_show_link, cookie_consent_link_text, cookie_analytics_enabled, cookie_marketing_enabled
[2025-07-14 12:21:47] Belirli ayarlar istendi. SQL sorgusu: SELECT setting_key, setting_value FROM settings WHERE setting_key IN (?,?,?,?,?,?,?,?,?)
[2025-07-14 12:21:47] Ayar bulundu: cookie_consent_enabled = 1
[2025-07-14 12:21:47] Ayar bulundu: cookie_consent_text = Bu web sitesi, size en iyi deneyimi sunmak için çerezler kullanır.
[2025-07-14 12:21:47] Ayar bulundu: cookie_consent_button_text = Kabul Et
[2025-07-14 12:21:47] Ayar bulundu: cookie_consent_position = bottom-left
[2025-07-14 12:21:47] Ayar bulundu: cookie_consent_theme = light
[2025-07-14 12:21:47] Ayar bulundu: cookie_consent_show_link = 1
[2025-07-14 12:21:47] Ayar bulundu: cookie_consent_link_text = Daha fazla bilgi
[2025-07-14 12:21:47] Ayar bulundu: cookie_analytics_enabled = 1
[2025-07-14 12:21:47] Ayar bulundu: cookie_marketing_enabled = 1
[2025-07-14 12:21:47] Döndürülen sonuç: {"cookie_consent_enabled":"1","cookie_consent_text":"Bu web sitesi, size en iyi deneyimi sunmak i\u00e7in \u00e7erezler kullan\u0131r.","cookie_consent_button_text":"Kabul Et","cookie_consent_position":"bottom-left","cookie_consent_theme":"light","cookie_consent_show_link":"1","cookie_consent_link_text":"Daha fazla bilgi","cookie_analytics_enabled":"1","cookie_marketing_enabled":"1"}
[2025-07-14 12:22:40] İstenen ayarlar: cookie_consent_enabled, cookie_consent_text, cookie_consent_button_text, cookie_consent_position, cookie_consent_theme, cookie_consent_show_link, cookie_consent_link_text, cookie_analytics_enabled, cookie_marketing_enabled
[2025-07-14 12:22:40] Belirli ayarlar istendi. SQL sorgusu: SELECT setting_key, setting_value FROM settings WHERE setting_key IN (?,?,?,?,?,?,?,?,?)
[2025-07-14 12:22:40] Ayar bulundu: cookie_consent_enabled = 1
[2025-07-14 12:22:40] Ayar bulundu: cookie_consent_text = Bu web sitesi, size en iyi deneyimi sunmak için çerezler kullanır.
[2025-07-14 12:22:40] Ayar bulundu: cookie_consent_button_text = Kabul Et
[2025-07-14 12:22:40] Ayar bulundu: cookie_consent_position = bottom-left
[2025-07-14 12:22:40] Ayar bulundu: cookie_consent_theme = light
[2025-07-14 12:22:40] Ayar bulundu: cookie_consent_show_link = 1
[2025-07-14 12:22:40] Ayar bulundu: cookie_consent_link_text = Daha fazla bilgi
[2025-07-14 12:22:40] Ayar bulundu: cookie_analytics_enabled = 1
[2025-07-14 12:22:40] Ayar bulundu: cookie_marketing_enabled = 1
[2025-07-14 12:22:40] Döndürülen sonuç: {"cookie_consent_enabled":"1","cookie_consent_text":"Bu web sitesi, size en iyi deneyimi sunmak i\u00e7in \u00e7erezler kullan\u0131r.","cookie_consent_button_text":"Kabul Et","cookie_consent_position":"bottom-left","cookie_consent_theme":"light","cookie_consent_show_link":"1","cookie_consent_link_text":"Daha fazla bilgi","cookie_analytics_enabled":"1","cookie_marketing_enabled":"1"}
[2025-07-14 12:22:56] İstenen ayarlar: cookie_consent_enabled, cookie_consent_text, cookie_consent_button_text, cookie_consent_position, cookie_consent_theme, cookie_consent_show_link, cookie_consent_link_text, cookie_analytics_enabled, cookie_marketing_enabled
[2025-07-14 12:22:56] Belirli ayarlar istendi. SQL sorgusu: SELECT setting_key, setting_value FROM settings WHERE setting_key IN (?,?,?,?,?,?,?,?,?)
[2025-07-14 12:22:56] Ayar bulundu: cookie_consent_enabled = 1
[2025-07-14 12:22:56] Ayar bulundu: cookie_consent_text = Bu web sitesi, size en iyi deneyimi sunmak için çerezler kullanır.
[2025-07-14 12:22:56] Ayar bulundu: cookie_consent_button_text = Kabul Et
[2025-07-14 12:22:56] Ayar bulundu: cookie_consent_position = bottom-left
[2025-07-14 12:22:56] Ayar bulundu: cookie_consent_theme = light
[2025-07-14 12:22:56] Ayar bulundu: cookie_consent_show_link = 1
[2025-07-14 12:22:56] Ayar bulundu: cookie_consent_link_text = Daha fazla bilgi
[2025-07-14 12:22:56] Ayar bulundu: cookie_analytics_enabled = 1
[2025-07-14 12:22:56] Ayar bulundu: cookie_marketing_enabled = 1
[2025-07-14 12:22:56] Döndürülen sonuç: {"cookie_consent_enabled":"1","cookie_consent_text":"Bu web sitesi, size en iyi deneyimi sunmak i\u00e7in \u00e7erezler kullan\u0131r.","cookie_consent_button_text":"Kabul Et","cookie_consent_position":"bottom-left","cookie_consent_theme":"light","cookie_consent_show_link":"1","cookie_consent_link_text":"Daha fazla bilgi","cookie_analytics_enabled":"1","cookie_marketing_enabled":"1"}
[2025-07-14 12:23:10] İstenen ayarlar: cookie_consent_enabled, cookie_consent_text, cookie_consent_button_text, cookie_consent_position, cookie_consent_theme, cookie_consent_show_link, cookie_consent_link_text, cookie_analytics_enabled, cookie_marketing_enabled
[2025-07-14 12:23:10] Belirli ayarlar istendi. SQL sorgusu: SELECT setting_key, setting_value FROM settings WHERE setting_key IN (?,?,?,?,?,?,?,?,?)
[2025-07-14 12:23:10] Ayar bulundu: cookie_consent_enabled = 1
[2025-07-14 12:23:10] Ayar bulundu: cookie_consent_text = Bu web sitesi, size en iyi deneyimi sunmak için çerezler kullanır.
[2025-07-14 12:23:10] Ayar bulundu: cookie_consent_button_text = Kabul Et
[2025-07-14 12:23:10] Ayar bulundu: cookie_consent_position = bottom-left
[2025-07-14 12:23:10] Ayar bulundu: cookie_consent_theme = light
[2025-07-14 12:23:10] Ayar bulundu: cookie_consent_show_link = 1
[2025-07-14 12:23:10] Ayar bulundu: cookie_consent_link_text = Daha fazla bilgi
[2025-07-14 12:23:10] Ayar bulundu: cookie_analytics_enabled = 1
[2025-07-14 12:23:10] Ayar bulundu: cookie_marketing_enabled = 1
[2025-07-14 12:23:10] Döndürülen sonuç: {"cookie_consent_enabled":"1","cookie_consent_text":"Bu web sitesi, size en iyi deneyimi sunmak i\u00e7in \u00e7erezler kullan\u0131r.","cookie_consent_button_text":"Kabul Et","cookie_consent_position":"bottom-left","cookie_consent_theme":"light","cookie_consent_show_link":"1","cookie_consent_link_text":"Daha fazla bilgi","cookie_analytics_enabled":"1","cookie_marketing_enabled":"1"}
[2025-07-14 12:24:39] İstenen ayarlar: cookie_consent_enabled, cookie_consent_text, cookie_consent_button_text, cookie_consent_position, cookie_consent_theme, cookie_consent_show_link, cookie_consent_link_text, cookie_analytics_enabled, cookie_marketing_enabled
[2025-07-14 12:24:39] Belirli ayarlar istendi. SQL sorgusu: SELECT setting_key, setting_value FROM settings WHERE setting_key IN (?,?,?,?,?,?,?,?,?)
[2025-07-14 12:24:39] Ayar bulundu: cookie_consent_enabled = 1
[2025-07-14 12:24:39] Ayar bulundu: cookie_consent_text = Bu web sitesi, size en iyi deneyimi sunmak için çerezler kullanır.
[2025-07-14 12:24:39] Ayar bulundu: cookie_consent_button_text = Kabul Et
[2025-07-14 12:24:39] Ayar bulundu: cookie_consent_position = bottom-left
[2025-07-14 12:24:39] Ayar bulundu: cookie_consent_theme = light
[2025-07-14 12:24:39] Ayar bulundu: cookie_consent_show_link = 1
[2025-07-14 12:24:39] Ayar bulundu: cookie_consent_link_text = Daha fazla bilgi
[2025-07-14 12:24:39] Ayar bulundu: cookie_analytics_enabled = 1
[2025-07-14 12:24:39] Ayar bulundu: cookie_marketing_enabled = 1
[2025-07-14 12:24:39] Döndürülen sonuç: {"cookie_consent_enabled":"1","cookie_consent_text":"Bu web sitesi, size en iyi deneyimi sunmak i\u00e7in \u00e7erezler kullan\u0131r.","cookie_consent_button_text":"Kabul Et","cookie_consent_position":"bottom-left","cookie_consent_theme":"light","cookie_consent_show_link":"1","cookie_consent_link_text":"Daha fazla bilgi","cookie_analytics_enabled":"1","cookie_marketing_enabled":"1"}
[2025-07-14 12:26:16] İstenen ayarlar: cookie_consent_enabled, cookie_consent_text, cookie_consent_button_text, cookie_consent_position, cookie_consent_theme, cookie_consent_show_link, cookie_consent_link_text, cookie_analytics_enabled, cookie_marketing_enabled
[2025-07-14 12:26:16] Belirli ayarlar istendi. SQL sorgusu: SELECT setting_key, setting_value FROM settings WHERE setting_key IN (?,?,?,?,?,?,?,?,?)
[2025-07-14 12:26:16] Ayar bulundu: cookie_consent_enabled = 1
[2025-07-14 12:26:16] Ayar bulundu: cookie_consent_text = Bu web sitesi, size en iyi deneyimi sunmak için çerezler kullanır.
[2025-07-14 12:26:16] Ayar bulundu: cookie_consent_button_text = Kabul Et
[2025-07-14 12:26:16] Ayar bulundu: cookie_consent_position = bottom-left
[2025-07-14 12:26:16] Ayar bulundu: cookie_consent_theme = light
[2025-07-14 12:26:16] Ayar bulundu: cookie_consent_show_link = 1
[2025-07-14 12:26:16] Ayar bulundu: cookie_consent_link_text = Daha fazla bilgi
[2025-07-14 12:26:16] Ayar bulundu: cookie_analytics_enabled = 1
[2025-07-14 12:26:16] Ayar bulundu: cookie_marketing_enabled = 1
[2025-07-14 12:26:16] Döndürülen sonuç: {"cookie_consent_enabled":"1","cookie_consent_text":"Bu web sitesi, size en iyi deneyimi sunmak i\u00e7in \u00e7erezler kullan\u0131r.","cookie_consent_button_text":"Kabul Et","cookie_consent_position":"bottom-left","cookie_consent_theme":"light","cookie_consent_show_link":"1","cookie_consent_link_text":"Daha fazla bilgi","cookie_analytics_enabled":"1","cookie_marketing_enabled":"1"}
[2025-07-14 12:26:48] İstenen ayarlar: cookie_consent_enabled, cookie_consent_text, cookie_consent_button_text, cookie_consent_position, cookie_consent_theme, cookie_consent_show_link, cookie_consent_link_text, cookie_analytics_enabled, cookie_marketing_enabled
[2025-07-14 12:26:48] Belirli ayarlar istendi. SQL sorgusu: SELECT setting_key, setting_value FROM settings WHERE setting_key IN (?,?,?,?,?,?,?,?,?)
[2025-07-14 12:26:48] Ayar bulundu: cookie_consent_enabled = 1
[2025-07-14 12:26:48] Ayar bulundu: cookie_consent_text = Bu web sitesi, size en iyi deneyimi sunmak için çerezler kullanır.
[2025-07-14 12:26:48] Ayar bulundu: cookie_consent_button_text = Kabul Et
[2025-07-14 12:26:48] Ayar bulundu: cookie_consent_position = bottom-left
[2025-07-14 12:26:48] Ayar bulundu: cookie_consent_theme = light
[2025-07-14 12:26:48] Ayar bulundu: cookie_consent_show_link = 1
[2025-07-14 12:26:48] Ayar bulundu: cookie_consent_link_text = Daha fazla bilgi
[2025-07-14 12:26:48] Ayar bulundu: cookie_analytics_enabled = 1
[2025-07-14 12:26:48] Ayar bulundu: cookie_marketing_enabled = 1
[2025-07-14 12:26:48] Döndürülen sonuç: {"cookie_consent_enabled":"1","cookie_consent_text":"Bu web sitesi, size en iyi deneyimi sunmak i\u00e7in \u00e7erezler kullan\u0131r.","cookie_consent_button_text":"Kabul Et","cookie_consent_position":"bottom-left","cookie_consent_theme":"light","cookie_consent_show_link":"1","cookie_consent_link_text":"Daha fazla bilgi","cookie_analytics_enabled":"1","cookie_marketing_enabled":"1"}
[2025-07-14 12:26:54] İstenen ayarlar: cookie_consent_enabled, cookie_consent_text, cookie_consent_button_text, cookie_consent_position, cookie_consent_theme, cookie_consent_show_link, cookie_consent_link_text, cookie_analytics_enabled, cookie_marketing_enabled
[2025-07-14 12:26:54] Belirli ayarlar istendi. SQL sorgusu: SELECT setting_key, setting_value FROM settings WHERE setting_key IN (?,?,?,?,?,?,?,?,?)
[2025-07-14 12:26:54] Ayar bulundu: cookie_consent_enabled = 1
[2025-07-14 12:26:54] Ayar bulundu: cookie_consent_text = Bu web sitesi, size en iyi deneyimi sunmak için çerezler kullanır.
[2025-07-14 12:26:54] Ayar bulundu: cookie_consent_button_text = Kabul Et
[2025-07-14 12:26:54] Ayar bulundu: cookie_consent_position = bottom-left
[2025-07-14 12:26:54] Ayar bulundu: cookie_consent_theme = light
[2025-07-14 12:26:54] Ayar bulundu: cookie_consent_show_link = 1
[2025-07-14 12:26:54] Ayar bulundu: cookie_consent_link_text = Daha fazla bilgi
[2025-07-14 12:26:54] Ayar bulundu: cookie_analytics_enabled = 1
[2025-07-14 12:26:54] Ayar bulundu: cookie_marketing_enabled = 1
[2025-07-14 12:26:54] Döndürülen sonuç: {"cookie_consent_enabled":"1","cookie_consent_text":"Bu web sitesi, size en iyi deneyimi sunmak i\u00e7in \u00e7erezler kullan\u0131r.","cookie_consent_button_text":"Kabul Et","cookie_consent_position":"bottom-left","cookie_consent_theme":"light","cookie_consent_show_link":"1","cookie_consent_link_text":"Daha fazla bilgi","cookie_analytics_enabled":"1","cookie_marketing_enabled":"1"}
[2025-07-14 12:27:00] İstenen ayarlar: cookie_consent_enabled, cookie_consent_text, cookie_consent_button_text, cookie_consent_position, cookie_consent_theme, cookie_consent_show_link, cookie_consent_link_text, cookie_analytics_enabled, cookie_marketing_enabled
[2025-07-14 12:27:00] Belirli ayarlar istendi. SQL sorgusu: SELECT setting_key, setting_value FROM settings WHERE setting_key IN (?,?,?,?,?,?,?,?,?)
[2025-07-14 12:27:00] Ayar bulundu: cookie_consent_enabled = 1
[2025-07-14 12:27:00] Ayar bulundu: cookie_consent_text = Bu web sitesi, size en iyi deneyimi sunmak için çerezler kullanır.
[2025-07-14 12:27:00] Ayar bulundu: cookie_consent_button_text = Kabul Et
[2025-07-14 12:27:00] Ayar bulundu: cookie_consent_position = bottom-left
[2025-07-14 12:27:00] Ayar bulundu: cookie_consent_theme = light
[2025-07-14 12:27:00] Ayar bulundu: cookie_consent_show_link = 1
[2025-07-14 12:27:00] Ayar bulundu: cookie_consent_link_text = Daha fazla bilgi
[2025-07-14 12:27:00] Ayar bulundu: cookie_analytics_enabled = 1
[2025-07-14 12:27:00] Ayar bulundu: cookie_marketing_enabled = 1
[2025-07-14 12:27:00] Döndürülen sonuç: {"cookie_consent_enabled":"1","cookie_consent_text":"Bu web sitesi, size en iyi deneyimi sunmak i\u00e7in \u00e7erezler kullan\u0131r.","cookie_consent_button_text":"Kabul Et","cookie_consent_position":"bottom-left","cookie_consent_theme":"light","cookie_consent_show_link":"1","cookie_consent_link_text":"Daha fazla bilgi","cookie_analytics_enabled":"1","cookie_marketing_enabled":"1"}
[2025-07-14 12:28:00] İstenen ayarlar: cookie_consent_enabled, cookie_consent_text, cookie_consent_button_text, cookie_consent_position, cookie_consent_theme, cookie_consent_show_link, cookie_consent_link_text, cookie_analytics_enabled, cookie_marketing_enabled
[2025-07-14 12:28:00] Belirli ayarlar istendi. SQL sorgusu: SELECT setting_key, setting_value FROM settings WHERE setting_key IN (?,?,?,?,?,?,?,?,?)
[2025-07-14 12:28:00] Ayar bulundu: cookie_consent_enabled = 1
[2025-07-14 12:28:00] Ayar bulundu: cookie_consent_text = Bu web sitesi, size en iyi deneyimi sunmak için çerezler kullanır.
[2025-07-14 12:28:00] Ayar bulundu: cookie_consent_button_text = Kabul Et
[2025-07-14 12:28:00] Ayar bulundu: cookie_consent_position = bottom-left
[2025-07-14 12:28:00] Ayar bulundu: cookie_consent_theme = light
[2025-07-14 12:28:00] Ayar bulundu: cookie_consent_show_link = 1
[2025-07-14 12:28:00] Ayar bulundu: cookie_consent_link_text = Daha fazla bilgi
[2025-07-14 12:28:00] Ayar bulundu: cookie_analytics_enabled = 1
[2025-07-14 12:28:00] Ayar bulundu: cookie_marketing_enabled = 1
[2025-07-14 12:28:00] Döndürülen sonuç: {"cookie_consent_enabled":"1","cookie_consent_text":"Bu web sitesi, size en iyi deneyimi sunmak i\u00e7in \u00e7erezler kullan\u0131r.","cookie_consent_button_text":"Kabul Et","cookie_consent_position":"bottom-left","cookie_consent_theme":"light","cookie_consent_show_link":"1","cookie_consent_link_text":"Daha fazla bilgi","cookie_analytics_enabled":"1","cookie_marketing_enabled":"1"}
[2025-07-14 12:28:05] İstenen ayarlar: cookie_consent_enabled, cookie_consent_text, cookie_consent_button_text, cookie_consent_position, cookie_consent_theme, cookie_consent_show_link, cookie_consent_link_text, cookie_analytics_enabled, cookie_marketing_enabled
[2025-07-14 12:28:05] Belirli ayarlar istendi. SQL sorgusu: SELECT setting_key, setting_value FROM settings WHERE setting_key IN (?,?,?,?,?,?,?,?,?)
[2025-07-14 12:28:05] Ayar bulundu: cookie_consent_enabled = 1
[2025-07-14 12:28:05] Ayar bulundu: cookie_consent_text = Bu web sitesi, size en iyi deneyimi sunmak için çerezler kullanır.
[2025-07-14 12:28:05] Ayar bulundu: cookie_consent_button_text = Kabul Et
[2025-07-14 12:28:05] Ayar bulundu: cookie_consent_position = bottom-left
[2025-07-14 12:28:05] Ayar bulundu: cookie_consent_theme = light
[2025-07-14 12:28:05] Ayar bulundu: cookie_consent_show_link = 1
[2025-07-14 12:28:05] Ayar bulundu: cookie_consent_link_text = Daha fazla bilgi
[2025-07-14 12:28:05] Ayar bulundu: cookie_analytics_enabled = 1
[2025-07-14 12:28:05] Ayar bulundu: cookie_marketing_enabled = 1
[2025-07-14 12:28:05] Döndürülen sonuç: {"cookie_consent_enabled":"1","cookie_consent_text":"Bu web sitesi, size en iyi deneyimi sunmak i\u00e7in \u00e7erezler kullan\u0131r.","cookie_consent_button_text":"Kabul Et","cookie_consent_position":"bottom-left","cookie_consent_theme":"light","cookie_consent_show_link":"1","cookie_consent_link_text":"Daha fazla bilgi","cookie_analytics_enabled":"1","cookie_marketing_enabled":"1"}
[2025-07-14 12:28:09] İstenen ayarlar: cookie_consent_enabled, cookie_consent_text, cookie_consent_button_text, cookie_consent_position, cookie_consent_theme, cookie_consent_show_link, cookie_consent_link_text, cookie_analytics_enabled, cookie_marketing_enabled
[2025-07-14 12:28:09] Belirli ayarlar istendi. SQL sorgusu: SELECT setting_key, setting_value FROM settings WHERE setting_key IN (?,?,?,?,?,?,?,?,?)
[2025-07-14 12:28:09] Ayar bulundu: cookie_consent_enabled = 1
[2025-07-14 12:28:09] Ayar bulundu: cookie_consent_text = Bu web sitesi, size en iyi deneyimi sunmak için çerezler kullanır.
[2025-07-14 12:28:09] Ayar bulundu: cookie_consent_button_text = Kabul Et
[2025-07-14 12:28:09] Ayar bulundu: cookie_consent_position = bottom-left
[2025-07-14 12:28:09] Ayar bulundu: cookie_consent_theme = light
[2025-07-14 12:28:09] Ayar bulundu: cookie_consent_show_link = 1
[2025-07-14 12:28:09] Ayar bulundu: cookie_consent_link_text = Daha fazla bilgi
[2025-07-14 12:28:09] Ayar bulundu: cookie_analytics_enabled = 1
[2025-07-14 12:28:09] Ayar bulundu: cookie_marketing_enabled = 1
[2025-07-14 12:28:09] Döndürülen sonuç: {"cookie_consent_enabled":"1","cookie_consent_text":"Bu web sitesi, size en iyi deneyimi sunmak i\u00e7in \u00e7erezler kullan\u0131r.","cookie_consent_button_text":"Kabul Et","cookie_consent_position":"bottom-left","cookie_consent_theme":"light","cookie_consent_show_link":"1","cookie_consent_link_text":"Daha fazla bilgi","cookie_analytics_enabled":"1","cookie_marketing_enabled":"1"}
[2025-07-14 12:28:11] İstenen ayarlar: cookie_consent_enabled, cookie_consent_text, cookie_consent_button_text, cookie_consent_position, cookie_consent_theme, cookie_consent_show_link, cookie_consent_link_text, cookie_analytics_enabled, cookie_marketing_enabled
[2025-07-14 12:28:11] Belirli ayarlar istendi. SQL sorgusu: SELECT setting_key, setting_value FROM settings WHERE setting_key IN (?,?,?,?,?,?,?,?,?)
[2025-07-14 12:28:11] Ayar bulundu: cookie_consent_enabled = 1
[2025-07-14 12:28:11] Ayar bulundu: cookie_consent_text = Bu web sitesi, size en iyi deneyimi sunmak için çerezler kullanır.
[2025-07-14 12:28:11] Ayar bulundu: cookie_consent_button_text = Kabul Et
[2025-07-14 12:28:11] Ayar bulundu: cookie_consent_position = bottom-left
[2025-07-14 12:28:11] Ayar bulundu: cookie_consent_theme = light
[2025-07-14 12:28:11] Ayar bulundu: cookie_consent_show_link = 1
[2025-07-14 12:28:11] Ayar bulundu: cookie_consent_link_text = Daha fazla bilgi
[2025-07-14 12:28:11] Ayar bulundu: cookie_analytics_enabled = 1
[2025-07-14 12:28:11] Ayar bulundu: cookie_marketing_enabled = 1
[2025-07-14 12:28:11] Döndürülen sonuç: {"cookie_consent_enabled":"1","cookie_consent_text":"Bu web sitesi, size en iyi deneyimi sunmak i\u00e7in \u00e7erezler kullan\u0131r.","cookie_consent_button_text":"Kabul Et","cookie_consent_position":"bottom-left","cookie_consent_theme":"light","cookie_consent_show_link":"1","cookie_consent_link_text":"Daha fazla bilgi","cookie_analytics_enabled":"1","cookie_marketing_enabled":"1"}
[2025-07-14 12:28:14] İstenen ayarlar: cookie_consent_enabled, cookie_consent_text, cookie_consent_button_text, cookie_consent_position, cookie_consent_theme, cookie_consent_show_link, cookie_consent_link_text, cookie_analytics_enabled, cookie_marketing_enabled
[2025-07-14 12:28:14] Belirli ayarlar istendi. SQL sorgusu: SELECT setting_key, setting_value FROM settings WHERE setting_key IN (?,?,?,?,?,?,?,?,?)
[2025-07-14 12:28:14] Ayar bulundu: cookie_consent_enabled = 1
[2025-07-14 12:28:14] Ayar bulundu: cookie_consent_text = Bu web sitesi, size en iyi deneyimi sunmak için çerezler kullanır.
[2025-07-14 12:28:14] Ayar bulundu: cookie_consent_button_text = Kabul Et
[2025-07-14 12:28:14] Ayar bulundu: cookie_consent_position = bottom-left
[2025-07-14 12:28:14] Ayar bulundu: cookie_consent_theme = light
[2025-07-14 12:28:14] Ayar bulundu: cookie_consent_show_link = 1
[2025-07-14 12:28:14] Ayar bulundu: cookie_consent_link_text = Daha fazla bilgi
[2025-07-14 12:28:14] Ayar bulundu: cookie_analytics_enabled = 1
[2025-07-14 12:28:14] Ayar bulundu: cookie_marketing_enabled = 1
[2025-07-14 12:28:14] Döndürülen sonuç: {"cookie_consent_enabled":"1","cookie_consent_text":"Bu web sitesi, size en iyi deneyimi sunmak i\u00e7in \u00e7erezler kullan\u0131r.","cookie_consent_button_text":"Kabul Et","cookie_consent_position":"bottom-left","cookie_consent_theme":"light","cookie_consent_show_link":"1","cookie_consent_link_text":"Daha fazla bilgi","cookie_analytics_enabled":"1","cookie_marketing_enabled":"1"}
[2025-07-14 12:29:04] İstenen ayarlar: cookie_consent_enabled, cookie_consent_text, cookie_consent_button_text, cookie_consent_position, cookie_consent_theme, cookie_consent_show_link, cookie_consent_link_text, cookie_analytics_enabled, cookie_marketing_enabled
[2025-07-14 12:29:04] Belirli ayarlar istendi. SQL sorgusu: SELECT setting_key, setting_value FROM settings WHERE setting_key IN (?,?,?,?,?,?,?,?,?)
[2025-07-14 12:29:04] Ayar bulundu: cookie_consent_enabled = 1
[2025-07-14 12:29:04] Ayar bulundu: cookie_consent_text = Bu web sitesi, size en iyi deneyimi sunmak için çerezler kullanır.
[2025-07-14 12:29:04] Ayar bulundu: cookie_consent_button_text = Kabul Et
[2025-07-14 12:29:04] Ayar bulundu: cookie_consent_position = bottom-left
[2025-07-14 12:29:04] Ayar bulundu: cookie_consent_theme = light
[2025-07-14 12:29:04] Ayar bulundu: cookie_consent_show_link = 1
[2025-07-14 12:29:04] Ayar bulundu: cookie_consent_link_text = Daha fazla bilgi
[2025-07-14 12:29:04] Ayar bulundu: cookie_analytics_enabled = 1
[2025-07-14 12:29:04] Ayar bulundu: cookie_marketing_enabled = 1
[2025-07-14 12:29:04] Döndürülen sonuç: {"cookie_consent_enabled":"1","cookie_consent_text":"Bu web sitesi, size en iyi deneyimi sunmak i\u00e7in \u00e7erezler kullan\u0131r.","cookie_consent_button_text":"Kabul Et","cookie_consent_position":"bottom-left","cookie_consent_theme":"light","cookie_consent_show_link":"1","cookie_consent_link_text":"Daha fazla bilgi","cookie_analytics_enabled":"1","cookie_marketing_enabled":"1"}
[2025-07-14 12:29:08] İstenen ayarlar: cookie_consent_enabled, cookie_consent_text, cookie_consent_button_text, cookie_consent_position, cookie_consent_theme, cookie_consent_show_link, cookie_consent_link_text, cookie_analytics_enabled, cookie_marketing_enabled
[2025-07-14 12:29:08] Belirli ayarlar istendi. SQL sorgusu: SELECT setting_key, setting_value FROM settings WHERE setting_key IN (?,?,?,?,?,?,?,?,?)
[2025-07-14 12:29:08] Ayar bulundu: cookie_consent_enabled = 1
[2025-07-14 12:29:08] Ayar bulundu: cookie_consent_text = Bu web sitesi, size en iyi deneyimi sunmak için çerezler kullanır.
[2025-07-14 12:29:08] Ayar bulundu: cookie_consent_button_text = Kabul Et
[2025-07-14 12:29:08] Ayar bulundu: cookie_consent_position = bottom-left
[2025-07-14 12:29:08] Ayar bulundu: cookie_consent_theme = light
[2025-07-14 12:29:08] Ayar bulundu: cookie_consent_show_link = 1
[2025-07-14 12:29:08] Ayar bulundu: cookie_consent_link_text = Daha fazla bilgi
[2025-07-14 12:29:08] Ayar bulundu: cookie_analytics_enabled = 1
[2025-07-14 12:29:08] Ayar bulundu: cookie_marketing_enabled = 1
[2025-07-14 12:29:08] Döndürülen sonuç: {"cookie_consent_enabled":"1","cookie_consent_text":"Bu web sitesi, size en iyi deneyimi sunmak i\u00e7in \u00e7erezler kullan\u0131r.","cookie_consent_button_text":"Kabul Et","cookie_consent_position":"bottom-left","cookie_consent_theme":"light","cookie_consent_show_link":"1","cookie_consent_link_text":"Daha fazla bilgi","cookie_analytics_enabled":"1","cookie_marketing_enabled":"1"}
[2025-07-14 12:29:11] İstenen ayarlar: cookie_consent_enabled, cookie_consent_text, cookie_consent_button_text, cookie_consent_position, cookie_consent_theme, cookie_consent_show_link, cookie_consent_link_text, cookie_analytics_enabled, cookie_marketing_enabled
[2025-07-14 12:29:11] Belirli ayarlar istendi. SQL sorgusu: SELECT setting_key, setting_value FROM settings WHERE setting_key IN (?,?,?,?,?,?,?,?,?)
[2025-07-14 12:29:11] Ayar bulundu: cookie_consent_enabled = 1
[2025-07-14 12:29:11] Ayar bulundu: cookie_consent_text = Bu web sitesi, size en iyi deneyimi sunmak için çerezler kullanır.
[2025-07-14 12:29:11] Ayar bulundu: cookie_consent_button_text = Kabul Et
[2025-07-14 12:29:11] Ayar bulundu: cookie_consent_position = bottom-left
[2025-07-14 12:29:11] Ayar bulundu: cookie_consent_theme = light
[2025-07-14 12:29:11] Ayar bulundu: cookie_consent_show_link = 1
[2025-07-14 12:29:11] Ayar bulundu: cookie_consent_link_text = Daha fazla bilgi
[2025-07-14 12:29:11] Ayar bulundu: cookie_analytics_enabled = 1
[2025-07-14 12:29:11] Ayar bulundu: cookie_marketing_enabled = 1
[2025-07-14 12:29:11] Döndürülen sonuç: {"cookie_consent_enabled":"1","cookie_consent_text":"Bu web sitesi, size en iyi deneyimi sunmak i\u00e7in \u00e7erezler kullan\u0131r.","cookie_consent_button_text":"Kabul Et","cookie_consent_position":"bottom-left","cookie_consent_theme":"light","cookie_consent_show_link":"1","cookie_consent_link_text":"Daha fazla bilgi","cookie_analytics_enabled":"1","cookie_marketing_enabled":"1"}
[2025-07-14 12:29:13] İstenen ayarlar: cookie_consent_enabled, cookie_consent_text, cookie_consent_button_text, cookie_consent_position, cookie_consent_theme, cookie_consent_show_link, cookie_consent_link_text, cookie_analytics_enabled, cookie_marketing_enabled
[2025-07-14 12:29:13] Belirli ayarlar istendi. SQL sorgusu: SELECT setting_key, setting_value FROM settings WHERE setting_key IN (?,?,?,?,?,?,?,?,?)
[2025-07-14 12:29:13] Ayar bulundu: cookie_consent_enabled = 1
[2025-07-14 12:29:13] Ayar bulundu: cookie_consent_text = Bu web sitesi, size en iyi deneyimi sunmak için çerezler kullanır.
[2025-07-14 12:29:13] Ayar bulundu: cookie_consent_button_text = Kabul Et
[2025-07-14 12:29:13] Ayar bulundu: cookie_consent_position = bottom-left
[2025-07-14 12:29:13] Ayar bulundu: cookie_consent_theme = light
[2025-07-14 12:29:13] Ayar bulundu: cookie_consent_show_link = 1
[2025-07-14 12:29:13] Ayar bulundu: cookie_consent_link_text = Daha fazla bilgi
[2025-07-14 12:29:13] Ayar bulundu: cookie_analytics_enabled = 1
[2025-07-14 12:29:13] Ayar bulundu: cookie_marketing_enabled = 1
[2025-07-14 12:29:13] Döndürülen sonuç: {"cookie_consent_enabled":"1","cookie_consent_text":"Bu web sitesi, size en iyi deneyimi sunmak i\u00e7in \u00e7erezler kullan\u0131r.","cookie_consent_button_text":"Kabul Et","cookie_consent_position":"bottom-left","cookie_consent_theme":"light","cookie_consent_show_link":"1","cookie_consent_link_text":"Daha fazla bilgi","cookie_analytics_enabled":"1","cookie_marketing_enabled":"1"}
[2025-07-14 12:29:15] İstenen ayarlar: cookie_consent_enabled, cookie_consent_text, cookie_consent_button_text, cookie_consent_position, cookie_consent_theme, cookie_consent_show_link, cookie_consent_link_text, cookie_analytics_enabled, cookie_marketing_enabled
[2025-07-14 12:29:15] Belirli ayarlar istendi. SQL sorgusu: SELECT setting_key, setting_value FROM settings WHERE setting_key IN (?,?,?,?,?,?,?,?,?)
[2025-07-14 12:29:15] Ayar bulundu: cookie_consent_enabled = 1
[2025-07-14 12:29:15] Ayar bulundu: cookie_consent_text = Bu web sitesi, size en iyi deneyimi sunmak için çerezler kullanır.
[2025-07-14 12:29:15] Ayar bulundu: cookie_consent_button_text = Kabul Et
[2025-07-14 12:29:15] Ayar bulundu: cookie_consent_position = bottom-left
[2025-07-14 12:29:15] Ayar bulundu: cookie_consent_theme = light
[2025-07-14 12:29:15] Ayar bulundu: cookie_consent_show_link = 1
[2025-07-14 12:29:15] Ayar bulundu: cookie_consent_link_text = Daha fazla bilgi
[2025-07-14 12:29:15] Ayar bulundu: cookie_analytics_enabled = 1
[2025-07-14 12:29:15] Ayar bulundu: cookie_marketing_enabled = 1
[2025-07-14 12:29:15] Döndürülen sonuç: {"cookie_consent_enabled":"1","cookie_consent_text":"Bu web sitesi, size en iyi deneyimi sunmak i\u00e7in \u00e7erezler kullan\u0131r.","cookie_consent_button_text":"Kabul Et","cookie_consent_position":"bottom-left","cookie_consent_theme":"light","cookie_consent_show_link":"1","cookie_consent_link_text":"Daha fazla bilgi","cookie_analytics_enabled":"1","cookie_marketing_enabled":"1"}
[2025-07-14 12:29:17] İstenen ayarlar: cookie_consent_enabled, cookie_consent_text, cookie_consent_button_text, cookie_consent_position, cookie_consent_theme, cookie_consent_show_link, cookie_consent_link_text, cookie_analytics_enabled, cookie_marketing_enabled
[2025-07-14 12:29:17] Belirli ayarlar istendi. SQL sorgusu: SELECT setting_key, setting_value FROM settings WHERE setting_key IN (?,?,?,?,?,?,?,?,?)
[2025-07-14 12:29:17] Ayar bulundu: cookie_consent_enabled = 1
[2025-07-14 12:29:17] Ayar bulundu: cookie_consent_text = Bu web sitesi, size en iyi deneyimi sunmak için çerezler kullanır.
[2025-07-14 12:29:17] Ayar bulundu: cookie_consent_button_text = Kabul Et
[2025-07-14 12:29:17] Ayar bulundu: cookie_consent_position = bottom-left
[2025-07-14 12:29:17] Ayar bulundu: cookie_consent_theme = light
[2025-07-14 12:29:17] Ayar bulundu: cookie_consent_show_link = 1
[2025-07-14 12:29:17] Ayar bulundu: cookie_consent_link_text = Daha fazla bilgi
[2025-07-14 12:29:17] Ayar bulundu: cookie_analytics_enabled = 1
[2025-07-14 12:29:17] Ayar bulundu: cookie_marketing_enabled = 1
[2025-07-14 12:29:17] Döndürülen sonuç: {"cookie_consent_enabled":"1","cookie_consent_text":"Bu web sitesi, size en iyi deneyimi sunmak i\u00e7in \u00e7erezler kullan\u0131r.","cookie_consent_button_text":"Kabul Et","cookie_consent_position":"bottom-left","cookie_consent_theme":"light","cookie_consent_show_link":"1","cookie_consent_link_text":"Daha fazla bilgi","cookie_analytics_enabled":"1","cookie_marketing_enabled":"1"}
[2025-07-14 12:29:24] İstenen ayarlar: cookie_consent_enabled, cookie_consent_text, cookie_consent_button_text, cookie_consent_position, cookie_consent_theme, cookie_consent_show_link, cookie_consent_link_text, cookie_analytics_enabled, cookie_marketing_enabled
[2025-07-14 12:29:24] Belirli ayarlar istendi. SQL sorgusu: SELECT setting_key, setting_value FROM settings WHERE setting_key IN (?,?,?,?,?,?,?,?,?)
[2025-07-14 12:29:24] Ayar bulundu: cookie_consent_enabled = 1
[2025-07-14 12:29:24] Ayar bulundu: cookie_consent_text = Bu web sitesi, size en iyi deneyimi sunmak için çerezler kullanır.
[2025-07-14 12:29:24] Ayar bulundu: cookie_consent_button_text = Kabul Et
[2025-07-14 12:29:24] Ayar bulundu: cookie_consent_position = bottom-left
[2025-07-14 12:29:24] Ayar bulundu: cookie_consent_theme = light
[2025-07-14 12:29:24] Ayar bulundu: cookie_consent_show_link = 1
[2025-07-14 12:29:24] Ayar bulundu: cookie_consent_link_text = Daha fazla bilgi
[2025-07-14 12:29:24] Ayar bulundu: cookie_analytics_enabled = 1
[2025-07-14 12:29:24] Ayar bulundu: cookie_marketing_enabled = 1
[2025-07-14 12:29:24] Döndürülen sonuç: {"cookie_consent_enabled":"1","cookie_consent_text":"Bu web sitesi, size en iyi deneyimi sunmak i\u00e7in \u00e7erezler kullan\u0131r.","cookie_consent_button_text":"Kabul Et","cookie_consent_position":"bottom-left","cookie_consent_theme":"light","cookie_consent_show_link":"1","cookie_consent_link_text":"Daha fazla bilgi","cookie_analytics_enabled":"1","cookie_marketing_enabled":"1"}
[2025-07-14 12:29:29] İstenen ayarlar: cookie_consent_enabled, cookie_consent_text, cookie_consent_button_text, cookie_consent_position, cookie_consent_theme, cookie_consent_show_link, cookie_consent_link_text, cookie_analytics_enabled, cookie_marketing_enabled
[2025-07-14 12:29:29] Belirli ayarlar istendi. SQL sorgusu: SELECT setting_key, setting_value FROM settings WHERE setting_key IN (?,?,?,?,?,?,?,?,?)
[2025-07-14 12:29:29] Ayar bulundu: cookie_consent_enabled = 1
[2025-07-14 12:29:29] Ayar bulundu: cookie_consent_text = Bu web sitesi, size en iyi deneyimi sunmak için çerezler kullanır.
[2025-07-14 12:29:29] Ayar bulundu: cookie_consent_button_text = Kabul Et
[2025-07-14 12:29:29] Ayar bulundu: cookie_consent_position = bottom-left
[2025-07-14 12:29:29] Ayar bulundu: cookie_consent_theme = light
[2025-07-14 12:29:29] Ayar bulundu: cookie_consent_show_link = 1
[2025-07-14 12:29:29] Ayar bulundu: cookie_consent_link_text = Daha fazla bilgi
[2025-07-14 12:29:29] Ayar bulundu: cookie_analytics_enabled = 1
[2025-07-14 12:29:29] Ayar bulundu: cookie_marketing_enabled = 1
[2025-07-14 12:29:29] Döndürülen sonuç: {"cookie_consent_enabled":"1","cookie_consent_text":"Bu web sitesi, size en iyi deneyimi sunmak i\u00e7in \u00e7erezler kullan\u0131r.","cookie_consent_button_text":"Kabul Et","cookie_consent_position":"bottom-left","cookie_consent_theme":"light","cookie_consent_show_link":"1","cookie_consent_link_text":"Daha fazla bilgi","cookie_analytics_enabled":"1","cookie_marketing_enabled":"1"}
[2025-07-14 12:29:53] İstenen ayarlar: cookie_consent_enabled, cookie_consent_text, cookie_consent_button_text, cookie_consent_position, cookie_consent_theme, cookie_consent_show_link, cookie_consent_link_text, cookie_analytics_enabled, cookie_marketing_enabled
[2025-07-14 12:29:53] Belirli ayarlar istendi. SQL sorgusu: SELECT setting_key, setting_value FROM settings WHERE setting_key IN (?,?,?,?,?,?,?,?,?)
[2025-07-14 12:29:53] Ayar bulundu: cookie_consent_enabled = 1
[2025-07-14 12:29:53] Ayar bulundu: cookie_consent_text = Bu web sitesi, size en iyi deneyimi sunmak için çerezler kullanır.
[2025-07-14 12:29:53] Ayar bulundu: cookie_consent_button_text = Kabul Et
[2025-07-14 12:29:53] Ayar bulundu: cookie_consent_position = bottom-left
[2025-07-14 12:29:53] Ayar bulundu: cookie_consent_theme = light
[2025-07-14 12:29:53] Ayar bulundu: cookie_consent_show_link = 1
[2025-07-14 12:29:53] Ayar bulundu: cookie_consent_link_text = Daha fazla bilgi
[2025-07-14 12:29:53] Ayar bulundu: cookie_analytics_enabled = 1
[2025-07-14 12:29:53] Ayar bulundu: cookie_marketing_enabled = 1
[2025-07-14 12:29:53] Döndürülen sonuç: {"cookie_consent_enabled":"1","cookie_consent_text":"Bu web sitesi, size en iyi deneyimi sunmak i\u00e7in \u00e7erezler kullan\u0131r.","cookie_consent_button_text":"Kabul Et","cookie_consent_position":"bottom-left","cookie_consent_theme":"light","cookie_consent_show_link":"1","cookie_consent_link_text":"Daha fazla bilgi","cookie_analytics_enabled":"1","cookie_marketing_enabled":"1"}
[2025-07-14 12:30:02] İstenen ayarlar: cookie_consent_enabled, cookie_consent_text, cookie_consent_button_text, cookie_consent_position, cookie_consent_theme, cookie_consent_show_link, cookie_consent_link_text, cookie_analytics_enabled, cookie_marketing_enabled
[2025-07-14 12:30:02] Belirli ayarlar istendi. SQL sorgusu: SELECT setting_key, setting_value FROM settings WHERE setting_key IN (?,?,?,?,?,?,?,?,?)
[2025-07-14 12:30:02] Ayar bulundu: cookie_consent_enabled = 1
[2025-07-14 12:30:02] Ayar bulundu: cookie_consent_text = Bu web sitesi, size en iyi deneyimi sunmak için çerezler kullanır.
[2025-07-14 12:30:02] Ayar bulundu: cookie_consent_button_text = Kabul Et
[2025-07-14 12:30:02] Ayar bulundu: cookie_consent_position = bottom-left
[2025-07-14 12:30:02] Ayar bulundu: cookie_consent_theme = light
[2025-07-14 12:30:02] Ayar bulundu: cookie_consent_show_link = 1
[2025-07-14 12:30:02] Ayar bulundu: cookie_consent_link_text = Daha fazla bilgi
[2025-07-14 12:30:02] Ayar bulundu: cookie_analytics_enabled = 1
[2025-07-14 12:30:02] Ayar bulundu: cookie_marketing_enabled = 1
[2025-07-14 12:30:02] Döndürülen sonuç: {"cookie_consent_enabled":"1","cookie_consent_text":"Bu web sitesi, size en iyi deneyimi sunmak i\u00e7in \u00e7erezler kullan\u0131r.","cookie_consent_button_text":"Kabul Et","cookie_consent_position":"bottom-left","cookie_consent_theme":"light","cookie_consent_show_link":"1","cookie_consent_link_text":"Daha fazla bilgi","cookie_analytics_enabled":"1","cookie_marketing_enabled":"1"}
[2025-07-14 12:30:28] İstenen ayarlar: cookie_consent_enabled, cookie_consent_text, cookie_consent_button_text, cookie_consent_position, cookie_consent_theme, cookie_consent_show_link, cookie_consent_link_text, cookie_analytics_enabled, cookie_marketing_enabled
[2025-07-14 12:30:28] Belirli ayarlar istendi. SQL sorgusu: SELECT setting_key, setting_value FROM settings WHERE setting_key IN (?,?,?,?,?,?,?,?,?)
[2025-07-14 12:30:28] Ayar bulundu: cookie_consent_enabled = 1
[2025-07-14 12:30:28] Ayar bulundu: cookie_consent_text = Bu web sitesi, size en iyi deneyimi sunmak için çerezler kullanır.
[2025-07-14 12:30:28] Ayar bulundu: cookie_consent_button_text = Kabul Et
[2025-07-14 12:30:28] Ayar bulundu: cookie_consent_position = bottom-left
[2025-07-14 12:30:28] Ayar bulundu: cookie_consent_theme = light
[2025-07-14 12:30:28] Ayar bulundu: cookie_consent_show_link = 1
[2025-07-14 12:30:28] Ayar bulundu: cookie_consent_link_text = Daha fazla bilgi
[2025-07-14 12:30:28] Ayar bulundu: cookie_analytics_enabled = 1
[2025-07-14 12:30:28] Ayar bulundu: cookie_marketing_enabled = 1
[2025-07-14 12:30:28] Döndürülen sonuç: {"cookie_consent_enabled":"1","cookie_consent_text":"Bu web sitesi, size en iyi deneyimi sunmak i\u00e7in \u00e7erezler kullan\u0131r.","cookie_consent_button_text":"Kabul Et","cookie_consent_position":"bottom-left","cookie_consent_theme":"light","cookie_consent_show_link":"1","cookie_consent_link_text":"Daha fazla bilgi","cookie_analytics_enabled":"1","cookie_marketing_enabled":"1"}
[2025-07-14 12:35:39] İstenen ayarlar: cookie_consent_enabled, cookie_consent_text, cookie_consent_button_text, cookie_consent_position, cookie_consent_theme, cookie_consent_show_link, cookie_consent_link_text, cookie_analytics_enabled, cookie_marketing_enabled
[2025-07-14 12:35:39] Belirli ayarlar istendi. SQL sorgusu: SELECT setting_key, setting_value FROM settings WHERE setting_key IN (?,?,?,?,?,?,?,?,?)
[2025-07-14 12:35:39] Ayar bulundu: cookie_consent_enabled = 1
[2025-07-14 12:35:39] Ayar bulundu: cookie_consent_text = Bu web sitesi, size en iyi deneyimi sunmak için çerezler kullanır.
[2025-07-14 12:35:39] Ayar bulundu: cookie_consent_button_text = Kabul Et
[2025-07-14 12:35:39] Ayar bulundu: cookie_consent_position = bottom-left
[2025-07-14 12:35:39] Ayar bulundu: cookie_consent_theme = light
[2025-07-14 12:35:39] Ayar bulundu: cookie_consent_show_link = 1
[2025-07-14 12:35:39] Ayar bulundu: cookie_consent_link_text = Daha fazla bilgi
[2025-07-14 12:35:39] Ayar bulundu: cookie_analytics_enabled = 1
[2025-07-14 12:35:39] Ayar bulundu: cookie_marketing_enabled = 1
[2025-07-14 12:35:39] Döndürülen sonuç: {"cookie_consent_enabled":"1","cookie_consent_text":"Bu web sitesi, size en iyi deneyimi sunmak i\u00e7in \u00e7erezler kullan\u0131r.","cookie_consent_button_text":"Kabul Et","cookie_consent_position":"bottom-left","cookie_consent_theme":"light","cookie_consent_show_link":"1","cookie_consent_link_text":"Daha fazla bilgi","cookie_analytics_enabled":"1","cookie_marketing_enabled":"1"}
[2025-07-14 12:40:26] İstenen ayarlar: cookie_consent_enabled, cookie_consent_text, cookie_consent_button_text, cookie_consent_position, cookie_consent_theme, cookie_consent_show_link, cookie_consent_link_text, cookie_analytics_enabled, cookie_marketing_enabled
[2025-07-14 12:40:26] Belirli ayarlar istendi. SQL sorgusu: SELECT setting_key, setting_value FROM settings WHERE setting_key IN (?,?,?,?,?,?,?,?,?)
[2025-07-14 12:40:26] Ayar bulundu: cookie_consent_enabled = 1
[2025-07-14 12:40:26] Ayar bulundu: cookie_consent_text = Bu web sitesi, size en iyi deneyimi sunmak için çerezler kullanır.
[2025-07-14 12:40:26] Ayar bulundu: cookie_consent_button_text = Kabul Et
[2025-07-14 12:40:26] Ayar bulundu: cookie_consent_position = bottom-left
[2025-07-14 12:40:26] Ayar bulundu: cookie_consent_theme = light
[2025-07-14 12:40:26] Ayar bulundu: cookie_consent_show_link = 1
[2025-07-14 12:40:26] Ayar bulundu: cookie_consent_link_text = Daha fazla bilgi
[2025-07-14 12:40:26] Ayar bulundu: cookie_analytics_enabled = 1
[2025-07-14 12:40:26] Ayar bulundu: cookie_marketing_enabled = 1
[2025-07-14 12:40:26] Döndürülen sonuç: {"cookie_consent_enabled":"1","cookie_consent_text":"Bu web sitesi, size en iyi deneyimi sunmak i\u00e7in \u00e7erezler kullan\u0131r.","cookie_consent_button_text":"Kabul Et","cookie_consent_position":"bottom-left","cookie_consent_theme":"light","cookie_consent_show_link":"1","cookie_consent_link_text":"Daha fazla bilgi","cookie_analytics_enabled":"1","cookie_marketing_enabled":"1"}
